[ NORMAL  ]  ##   Please press ENTER to start the tournament.
[ NORMAL  ]  ##   got authentication: username=agentB22 password=1 address=127.0.0.1
[ NORMAL  ]  ##   got authentication: username=agentB33 password=1 address=127.0.0.1
[ NORMAL  ]  ##   got authentication: username=agentB5 password=1 address=127.0.0.1
[ NORMAL  ]  ##   got authentication: username=agentA32 password=1 address=127.0.0.1
[ NORMAL  ]  ##   got authentication: username=agentB10 password=1 address=127.0.0.1
[ NORMAL  ]  ##   got authentication: username=agentA12 password=1 address=127.0.0.1
[ NORMAL  ]  ##   got authentication: username=agentB24 password=1 address=127.0.0.1
[ NORMAL  ]  ##   got authentication: username=agentA10 password=1 address=127.0.0.1
[ NORMAL  ]  ##   got authentication: username=agentB23 password=1 address=127.0.0.1
[ NORMAL  ]  ##   got authentication: username=agentB3 password=1 address=127.0.0.1
[ NORMAL  ]  ##   got authentication: username=agentB26 password=1 address=127.0.0.1
[ NORMAL  ]  ##   got authentication: username=agentB6 password=1 address=127.0.0.1
[ NORMAL  ]  ##   got authentication: username=agentA19 password=1 address=127.0.0.1
[ NORMAL  ]  ##   got authentication: username=agentB29 password=1 address=127.0.0.1
[ NORMAL  ]  ##   got authentication: username=agentB9 password=1 address=127.0.0.1
[ NORMAL  ]  ##   got authentication: username=agentB31 password=1 address=127.0.0.1
[ NORMAL  ]  ##   got authentication: username=agentA18 password=1 address=127.0.0.1
[ NORMAL  ]  ##   got authentication: username=agentA3 password=1 address=127.0.0.1
[ NORMAL  ]  ##   got authentication: username=agentA34 password=1 address=127.0.0.1
[ NORMAL  ]  ##   got authentication: username=agentA16 password=1 address=127.0.0.1
[ NORMAL  ]  ##   got authentication: username=agentB11 password=1 address=127.0.0.1
[ NORMAL  ]  ##   got authentication: username=agentA8 password=1 address=127.0.0.1
[ NORMAL  ]  ##   got authentication: username=agentA33 password=1 address=127.0.0.1
[ NORMAL  ]  ##   got authentication: username=agentA23 password=1 address=127.0.0.1
[ NORMAL  ]  ##   got authentication: username=agentA28 password=1 address=127.0.0.1
[ NORMAL  ]  ##   got authentication: username=agentA21 password=1 address=127.0.0.1
[ NORMAL  ]  ##   got authentication: username=agentA26 password=1 address=127.0.0.1
[ NORMAL  ]  ##   got authentication: username=agentB25 password=1 address=127.0.0.1
[ NORMAL  ]  ##   got authentication: username=agentB30 password=1 address=127.0.0.1
[ NORMAL  ]  ##   got authentication: username=agentB19 password=1 address=127.0.0.1
[ NORMAL  ]  ##   got authentication: username=agentB4 password=1 address=127.0.0.1
[ NORMAL  ]  ##   got authentication: username=agentA17 password=1 address=127.0.0.1
[ NORMAL  ]  ##   got authentication: username=agentA25 password=1 address=127.0.0.1
[ NORMAL  ]  ##   got authentication: username=agentB2 password=1 address=127.0.0.1
[ NORMAL  ]  ##   got authentication: username=agentB20 password=1 address=127.0.0.1
[ NORMAL  ]  ##   got authentication: username=agentB15 password=1 address=127.0.0.1
[ NORMAL  ]  ##   got authentication: username=agentA11 password=1 address=127.0.0.1
[ NORMAL  ]  ##   got authentication: username=agentA15 password=1 address=127.0.0.1
[ NORMAL  ]  ##   got authentication: username=agentB1 password=1 address=127.0.0.1
[ NORMAL  ]  ##   got authentication: username=agentA4 password=1 address=127.0.0.1
[ NORMAL  ]  ##   got authentication: username=agentA30 password=1 address=127.0.0.1
[ NORMAL  ]  ##   got authentication: username=agentB17 password=1 address=127.0.0.1
[ NORMAL  ]  ##   got authentication: username=agentB14 password=1 address=127.0.0.1
[ NORMAL  ]  ##   got authentication: username=agentB21 password=1 address=127.0.0.1
[ NORMAL  ]  ##   got authentication: username=agentA20 password=1 address=127.0.0.1
[ NORMAL  ]  ##   got authentication: username=agentB28 password=1 address=127.0.0.1
[ NORMAL  ]  ##   got authentication: username=agentA1 password=1 address=127.0.0.1
[ NORMAL  ]  ##   got authentication: username=agentB7 password=1 address=127.0.0.1
[ NORMAL  ]  ##   got authentication: username=agentB32 password=1 address=127.0.0.1
[ NORMAL  ]  ##   got authentication: username=agentB8 password=1 address=127.0.0.1
[ NORMAL  ]  ##   got authentication: username=agentB27 password=1 address=127.0.0.1
[ NORMAL  ]  ##   got authentication: username=agentA2 password=1 address=127.0.0.1
[ NORMAL  ]  ##   got authentication: username=agentB12 password=1 address=127.0.0.1
[ NORMAL  ]  ##   got authentication: username=agentB18 password=1 address=127.0.0.1
[ NORMAL  ]  ##   got authentication: username=agentB13 password=1 address=127.0.0.1
[ NORMAL  ]  ##   got authentication: username=agentA31 password=1 address=127.0.0.1
[ NORMAL  ]  ##   got authentication: username=agentA22 password=1 address=127.0.0.1
[ NORMAL  ]  ##   got authentication: username=agentA29 password=1 address=127.0.0.1
[ NORMAL  ]  ##   got authentication: username=agentA5 password=1 address=127.0.0.1
[ NORMAL  ]  ##   got authentication: username=agentA6 password=1 address=127.0.0.1
[ NORMAL  ]  ##   got authentication: username=agentA7 password=1 address=127.0.0.1
[ NORMAL  ]  ##   got authentication: username=agentA9 password=1 address=127.0.0.1
[ NORMAL  ]  ##   got authentication: username=agentA24 password=1 address=127.0.0.1
[ NORMAL  ]  ##   got authentication: username=agentB34 password=1 address=127.0.0.1
[ NORMAL  ]  ##   got authentication: username=agentA14 password=1 address=127.0.0.1
[ NORMAL  ]  ##   got authentication: username=agentB16 password=1 address=127.0.0.1
[ NORMAL  ]  ##   got authentication: username=agentA13 password=1 address=127.0.0.1
[ NORMAL  ]  ##   got authentication: username=agentA27 password=1 address=127.0.0.1
[ NORMAL  ]  ##   Configuring random seed: 18
[ NORMAL  ]  ##   Configuring facilities quadSize: 0.04
[ NORMAL  ]  ##   Configuring facilities charging station density: 0.9
[ NORMAL  ]  ##   Configuring facilities charging station rateMin: 20
[ NORMAL  ]  ##   Configuring facilities charging station rateMax: 40
[ NORMAL  ]  ##   Configuring facilities shop density: 0.8
[ NORMAL  ]  ##   Config: tradeModMin set to 1
[ NORMAL  ]  ##   Config: tradeModMax set to 4
[ NORMAL  ]  ##   Configuring facilities dump density: 0.6
[ NORMAL  ]  ##   Configuring facilities workshops density: 0.6
[ NORMAL  ]  ##   Configuring facilities storage density: 0.8
[ NORMAL  ]  ##   Configuring facilities storage capacityMin: 7500
[ NORMAL  ]  ##   Configuring facilities storage capacityMax: 15000
[ NORMAL  ]  ##   Configuring facilities resource node density: 0.7
[ NORMAL  ]  ##   Config: thresholdMin set to 10
[ NORMAL  ]  ##   Config: thresholdMax set to 20
[ NORMAL  ]  ##   Config: wellTypesMin set to 2
[ NORMAL  ]  ##   Config: wellTypesMax set to 5
[ NORMAL  ]  ##   Config: baseEfficiencyMin set to 1
[ NORMAL  ]  ##   Config: baseEfficiencyMax set to 5
[ NORMAL  ]  ##   Config: efficiencyIncreaseMin set to 1
[ NORMAL  ]  ##   Config: efficiencyIncreaseMax set to 5
[ NORMAL  ]  ##   Config: baseIntegrityMin set to 50
[ NORMAL  ]  ##   Config: baseIntegrityMax set to 100
[ NORMAL  ]  ##   Config: costFactor set to 100
[ NORMAL  ]  ##   Configuring items levelDecreaseMin: 1
[ NORMAL  ]  ##   Configuring items levelDecreaseMax: 2
[ NORMAL  ]  ##   Configuring items graphDepthMin: 3
[ NORMAL  ]  ##   Configuring items graphDepthMax: 4
[ NORMAL  ]  ##   Configuring items resourcesMin: 4
[ NORMAL  ]  ##   Configuring items resourcesMax: 6
[ NORMAL  ]  ##   Config: volMin set to 5
[ NORMAL  ]  ##   Config: volMax set to 10
[ NORMAL  ]  ##   Config: partsMin set to 2
[ NORMAL  ]  ##   Config: partsMax set to 8
[ NORMAL  ]  ##   Config: jobProbability set to 0.2
[ NORMAL  ]  ##   Config: auctionProbability set to 0.1
[ NORMAL  ]  ##   Config: missionProbability set to 0.01
[ NORMAL  ]  ##   Config: jobDurationMin set to 50
[ NORMAL  ]  ##   Config: jobDurationMax set to 100
[ NORMAL  ]  ##   Config: rewardModMin set to 100
[ NORMAL  ]  ##   Config: rewardModMax set to 200
[ NORMAL  ]  ##   Config: rewardScale set to 5
[ NORMAL  ]  ##   Config: itemCountMin set to 2
[ NORMAL  ]  ##   Config: itemCountMax set to 10
[ NORMAL  ]  ##   Config: auctionTime set to 5
[ NORMAL  ]  ##   Configuring simulation id: 2018-SampleSimulation
[ NORMAL  ]  ##   Configuring scenario map: paris
[ NORMAL  ]  ##   Configuring scenario seedCapital: 5000
[ NORMAL  ]  ##   Configuring scenario minLon: 2.26
[ NORMAL  ]  ##   Configuring scenario maxLon: 2.41
[ NORMAL  ]  ##   Configuring scenario minLat: 48.82
[ NORMAL  ]  ##   Configuring scenario maxLat: 48.9
[ NORMAL  ]  ##   Configuring scenario proximity: 5
[ NORMAL  ]  ##   Configuring scenario cellSize: 200
[ NORMAL  ]  ##   Configuring scenario centerLat: 48.8424
[ NORMAL  ]  ##   Configuring scenario centerLon: 2.3209
[ NORMAL  ]  ##   Configuring random fail probability: 1
[ NORMAL  ]  ##   Configuring cost for goto: 1
[ NORMAL  ]  ##   Configuring recharge rate: 0.3
[ NORMAL  ]  ##   item0: vol(7), val(0)
[ NORMAL  ]  ##   item1: vol(5), val(0)
[ NORMAL  ]  ##   item2: vol(9), val(0)
[ NORMAL  ]  ##   item3: vol(7), val(0)
[ NORMAL  ]  ##   item4: vol(5), val(0)
[ NORMAL  ]  ##   item5: vol(5), val(2)
[ NORMAL  ]  ##   item6: vol(5), val(5)
[ NORMAL  ]  ##   item7: vol(5), val(5)
[ NORMAL  ]  ##   item8: vol(10), val(2)
[ NORMAL  ]  ##   item9: vol(6), val(13)
[ NORMAL  ]  ##   item10: vol(7), val(8)
[ ERROR  ]  ##   GH: Connection between locations not found
[ NORMAL  ]  ##   Created facility: chargingStation0 loc(2.28473,48.83015) rate(22)
[ NORMAL  ]  ##   Created facility: chargingStation1 loc(2.31813,48.85317) rate(33)
[ NORMAL  ]  ##   Created facility: chargingStation2 loc(2.3726,48.85742) rate(24)
[ NORMAL  ]  ##   Created facility: chargingStation3 loc(2.39448,48.84793) rate(33)
[ NORMAL  ]  ##   Created facility: chargingStation4 loc(2.28371,48.87003) rate(27)
[ NORMAL  ]  ##   Created facility: chargingStation5 loc(2.34642,48.88577) rate(35)
[ NORMAL  ]  ##   Created facility: shop0 loc(2.31271,48.84675) tradeMod(3)
[ NORMAL  ]  ##   Created facility: shop1 loc(2.35044,48.83829) tradeMod(3)
[ NORMAL  ]  ##   Created facility: shop2 loc(2.40201,48.85095) tradeMod(1)
[ NORMAL  ]  ##   Created facility: shop3 loc(2.27393,48.87675) tradeMod(1)
[ NORMAL  ]  ##   Created facility: shop4 loc(2.30934,48.88958) tradeMod(2)
[ NORMAL  ]  ##   Created facility: shop5 loc(2.37592,48.86151) tradeMod(4)
[ NORMAL  ]  ##   Created facility: shop6 loc(2.39246,48.86342) tradeMod(3)
[ NORMAL  ]  ##   Created facility: dump0 loc(2.32361,48.85587)
[ NORMAL  ]  ##   Created facility: dump1 loc(2.32883,48.88682)
[ NORMAL  ]  ##   Created facility: dump2 loc(2.40587,48.87214)
[ NORMAL  ]  ##   Created facility: workshop0 loc(2.28949,48.82453)
[ NORMAL  ]  ##   Created facility: workshop1 loc(2.31017,48.82456)
[ NORMAL  ]  ##   Created facility: workshop2 loc(2.38397,48.83966)
[ NORMAL  ]  ##   Created facility: workshop3 loc(2.40692,48.89408)
[ NORMAL  ]  ##   Created facility: storage0 loc(2.30026,48.8242) capacity(10271)
[ NORMAL  ]  ##   Created facility: storage1 loc(2.3717,48.82745) capacity(11049)
[ NORMAL  ]  ##   Created facility: storage2 loc(2.30345,48.86243) capacity(9401)
[ NORMAL  ]  ##   Created facility: storage3 loc(2.40691,48.86627) capacity(9797)
[ NORMAL  ]  ##   Created facility: node0 loc(2.28052,48.82229)
[ NORMAL  ]  ##   Created facility: node1 loc(2.28618,48.88471)
[ NORMAL  ]  ##   Created facility: node2 loc(2.28021,48.82903)
[ NORMAL  ]  ##   Created facility: node3 loc(2.32476,48.86256)
[ NORMAL  ]  ##   Created facility: node4 loc(2.33733,48.83519)
[ NORMAL  ]  ##   Created facility: node5 loc(2.29516,48.85633)
[ NORMAL  ]  ##   Created facility: node6 loc(2.31371,48.84778)
[ NORMAL  ]  ##   Created facility: node7 loc(2.40798,48.83675)
[ NORMAL  ]  ##   Created facility: node8 loc(2.27757,48.89868)
[ NORMAL  ]  ##   Created facility: node9 loc(2.30791,48.89597)
[ NORMAL  ]  ##   Created facility: node10 loc(2.34388,48.8651)
[ NORMAL  ]  ##   wellType0: eff(4), int(73), cost(600)
[ NORMAL  ]  ##   wellType1: eff(8), int(65), cost(1082)
[ NORMAL  ]  ##   wellType2: eff(11), int(96), cost(1431)
[ NORMAL  ]  ##   wellType3: eff(12), int(87), cost(1546)
[ NORMAL  ]  ##   wellType4: eff(17), int(71), cost(2112)
[ NORMAL  ]  ##   Simulation at step 0
[ NORMAL  ]  ##   New job: : 1x item6, 2x item7, 3x item9 reward(392) 1-77 storage0 loc(2.30026,48.8242) capacity(10271) Job
[ NORMAL  ]  ##   No valid action available in time for agent agentA22.
[ NORMAL  ]  ##   No valid action available in time for agent agentA12.
[ NORMAL  ]  ##   No valid action available in time for agent agentA20.
[ NORMAL  ]  ##   No valid action available in time for agent agentA4.
[ NORMAL  ]  ##   No valid action available in time for agent agentA2.
[ NORMAL  ]  ##   No valid action available in time for agent agentA13.
[ NORMAL  ]  ##   No valid action available in time for agent agentA14.
[ NORMAL  ]  ##   No valid action available in time for agent agentA19.
[ NORMAL  ]  ##   No valid action available in time for agent agentA18.
[ NORMAL  ]  ##   No valid action available in time for agent agentA31.
[ NORMAL  ]  ##   No valid action available in time for agent agentA8.
[ NORMAL  ]  ##   No valid action available in time for agent agentA17.
[ NORMAL  ]  ##   No valid action available in time for agent agentA25.
[ NORMAL  ]  ##   No valid action available in time for agent agentA24.
[ NORMAL  ]  ##   No valid action available in time for agent agentA7.
[ NORMAL  ]  ##   No valid action available in time for agent agentA16.
[ NORMAL  ]  ##   No valid action available in time for agent agentA32.
[ NORMAL  ]  ##   No valid action available in time for agent agentA15.
[ NORMAL  ]  ##   No valid action available in time for agent agentA26.
[ NORMAL  ]  ##   No valid action available in time for agent agentA23.
[ NORMAL  ]  ##   No valid action available in time for agent agentA1.
[ NORMAL  ]  ##   No valid action available in time for agent agentA33.
[ NORMAL  ]  ##   No valid action available in time for agent agentA3.
[ NORMAL  ]  ##   No valid action available in time for agent agentA9.
[ NORMAL  ]  ##   No valid action available in time for agent agentA21.
[ NORMAL  ]  ##   No valid action available in time for agent agentA5.
[ NORMAL  ]  ##   No valid action available in time for agent agentA10.
[ NORMAL  ]  ##   No valid action available in time for agent agentA27.
[ NORMAL  ]  ##   No valid action available in time for agent agentA11.
[ NORMAL  ]  ##   No valid action available in time for agent agentA6.
[ NORMAL  ]  ##   No valid action available in time for agent agentA30.
[ NORMAL  ]  ##   No valid action available in time for agent agentA29.
[ NORMAL  ]  ##   No valid action available in time for agent agentA28.
[ NORMAL  ]  ##   No valid action available in time for agent agentA34.
[ NORMAL  ]  ##   Simulation at step 1
[ NORMAL  ]  ##   No valid action available in time for agent agentA25.
[ NORMAL  ]  ##   No valid action available in time for agent agentA24.
[ NORMAL  ]  ##   No valid action available in time for agent agentA22.
[ NORMAL  ]  ##   No valid action available in time for agent agentA16.
[ NORMAL  ]  ##   No valid action available in time for agent agentA21.
[ NORMAL  ]  ##   No valid action available in time for agent agentA20.
[ NORMAL  ]  ##   No valid action available in time for agent agentA23.
[ NORMAL  ]  ##   No valid action available in time for agent agentA1.
[ NORMAL  ]  ##   No valid action available in time for agent agentA32.
[ NORMAL  ]  ##   No valid action available in time for agent agentA28.
[ NORMAL  ]  ##   No valid action available in time for agent agentA18.
[ NORMAL  ]  ##   No valid action available in time for agent agentA5.
[ NORMAL  ]  ##   No valid action available in time for agent agentA17.
[ NORMAL  ]  ##   No valid action available in time for agent agentA2.
[ NORMAL  ]  ##   No valid action available in time for agent agentA7.
[ NORMAL  ]  ##   No valid action available in time for agent agentA9.
[ NORMAL  ]  ##   No valid action available in time for agent agentA31.
[ NORMAL  ]  ##   No valid action available in time for agent agentA13.
[ NORMAL  ]  ##   No valid action available in time for agent agentA15.
[ NORMAL  ]  ##   No valid action available in time for agent agentA10.
[ NORMAL  ]  ##   No valid action available in time for agent agentA11.
[ NORMAL  ]  ##   No valid action available in time for agent agentA34.
[ NORMAL  ]  ##   No valid action available in time for agent agentA4.
[ NORMAL  ]  ##   No valid action available in time for agent agentA33.
[ NORMAL  ]  ##   No valid action available in time for agent agentA27.
[ NORMAL  ]  ##   No valid action available in time for agent agentA14.
[ NORMAL  ]  ##   No valid action available in time for agent agentA6.
[ NORMAL  ]  ##   No valid action available in time for agent agentA3.
[ NORMAL  ]  ##   No valid action available in time for agent agentA30.
[ NORMAL  ]  ##   No valid action available in time for agent agentA29.
[ NORMAL  ]  ##   No valid action available in time for agent agentA8.
[ NORMAL  ]  ##   No valid action available in time for agent agentA19.
[ NORMAL  ]  ##   No valid action available in time for agent agentA26.
[ NORMAL  ]  ##   No valid action available in time for agent agentA12.
[ NORMAL  ]  ##   Simulation at step 2
[ NORMAL  ]  ##   Simulation at step 3
[ NORMAL  ]  ##   Simulation at step 4
[ NORMAL  ]  ##   New job: : 1x item6, 2x item7, 5x item9 reward(517) 5-94 storage1 loc(2.3717,48.82745) capacity(11049) AuctionJob
[ NORMAL  ]  ##   Simulation at step 5
[ NORMAL  ]  ##   New job: : 1x item7, 2x item5, 4x item8, 1x item10 reward(297) 6-88 storage0 loc(2.30026,48.8242) capacity(10271) AuctionJob
[ NORMAL  ]  ##   Simulation at step 6
[ NORMAL  ]  ##   Simulation at step 7
[ NORMAL  ]  ##   Simulation at step 8
[ NORMAL  ]  ##   New job: : 2x item6, 1x item7, 4x item10 reward(364) 9-109 storage2 loc(2.30345,48.86243) capacity(9401) Job
[ NORMAL  ]  ##   Simulation at step 9
[ NORMAL  ]  ##   New job: : 1x item6, 2x item7, 2x item8, 3x item10 reward(379) 10-104 storage1 loc(2.3717,48.82745) capacity(11049) Job
[ NORMAL  ]  ##   Simulation at step 10
[ NORMAL  ]  ##   New job: : 1x item7, 1x item9, 1x item5, 1x item10 reward(246) 11-96 storage0 loc(2.30026,48.8242) capacity(10271) AuctionJob
[ NORMAL  ]  ##   New job: : 3x item6, 1x item7, 1x item9, 1x item5, 1x item8, 2x item10 reward(366) 11-103 storage0 loc(2.30026,48.8242) capacity(10271) Job
[ NORMAL  ]  ##   Simulation at step 11
[ NORMAL  ]  ##   Simulation at step 12
[ NORMAL  ]  ##   New job: : 3x item6, 1x item7, 3x item9, 1x item10 reward(507) 13-81 storage0 loc(2.30026,48.8242) capacity(10271) Job
[ NORMAL  ]  ##   Simulation at step 13
[ NORMAL  ]  ##   Simulation at step 14
[ NORMAL  ]  ##   Simulation at step 15
[ NORMAL  ]  ##   Simulation at step 16
[ NORMAL  ]  ##   Simulation at step 17
[ NORMAL  ]  ##   Simulation at step 18
[ NORMAL  ]  ##   New job: : 2x item6, 1x item9 reward(236) 19-118 storage0 loc(2.30026,48.8242) capacity(10271) Job
[ NORMAL  ]  ##   Simulation at step 19
[ NORMAL  ]  ##   New job: : 1x item6, 1x item9, 2x item5, 1x item8, 1x item10 reward(275) 20-78 storage1 loc(2.3717,48.82745) capacity(11049) Job
[ NORMAL  ]  ##   Simulation at step 20
[ NORMAL  ]  ##   Simulation at step 21
[ NORMAL  ]  ##   Simulation at step 22
[ NORMAL  ]  ##   Simulation at step 23
[ NORMAL  ]  ##   New job: : 1x item7, 1x item10 reward(168) 24-120 storage2 loc(2.30345,48.86243) capacity(9401) Job
[ NORMAL  ]  ##   Simulation at step 24
[ NORMAL  ]  ##   Simulation at step 25
[ NORMAL  ]  ##   New job: : 1x item6, 1x item9, 2x item8, 1x item10 reward(290) 26-94 storage2 loc(2.30345,48.86243) capacity(9401) Job
[ NORMAL  ]  ##   Simulation at step 26
[ NORMAL  ]  ##   New job: : 1x item6, 1x item7 reward(154) 27-110 storage3 loc(2.40691,48.86627) capacity(9797) Job
[ NORMAL  ]  ##   Simulation at step 27
[ NORMAL  ]  ##   Simulation at step 28
[ NORMAL  ]  ##   Simulation at step 29
[ NORMAL  ]  ##   New job: : 1x item6, 1x item7, 2x item9, 1x item5, 3x item10 reward(466) 30-93 storage1 loc(2.3717,48.82745) capacity(11049) AuctionJob
[ NORMAL  ]  ##   Simulation at step 30
[ NORMAL  ]  ##   Simulation at step 31
[ NORMAL  ]  ##   Simulation at step 32
[ NORMAL  ]  ##   New job: : 2x item6, 1x item7 reward(246) 33-97 storage1 loc(2.3717,48.82745) capacity(11049) Job
[ NORMAL  ]  ##   Simulation at step 33
[ NORMAL  ]  ##   Simulation at step 34
[ NORMAL  ]  ##   Simulation at step 35
[ NORMAL  ]  ##   Simulation at step 36
[ NORMAL  ]  ##   Simulation at step 37
[ NORMAL  ]  ##   Simulation at step 38
[ NORMAL  ]  ##   Simulation at step 39
[ NORMAL  ]  ##   New job: : 1x item9, 1x item5, 1x item10 reward(259) 40-109 storage1 loc(2.3717,48.82745) capacity(11049) Job
[ NORMAL  ]  ##   Simulation at step 40
[ NORMAL  ]  ##   Simulation at step 41
[ NORMAL  ]  ##   Simulation at step 42
[ NORMAL  ]  ##   New job: : 2x item6, 1x item7, 3x item8, 4x item10 reward(387) 43-102 storage3 loc(2.40691,48.86627) capacity(9797) Job
[ NORMAL  ]  ##   Simulation at step 43
[ NORMAL  ]  ##   Simulation at step 44
[ NORMAL  ]  ##   Simulation at step 45
[ NORMAL  ]  ##   Simulation at step 46
[ NORMAL  ]  ##   Simulation at step 47
[ NORMAL  ]  ##   Simulation at step 48
[ NORMAL  ]  ##   Simulation at step 49
[ NORMAL  ]  ##   Simulation at step 50
[ NORMAL  ]  ##   New job: : 2x item7, 1x item5, 2x item8, 1x item10 reward(250) 51-114 storage0 loc(2.30026,48.8242) capacity(10271) Job
[ NORMAL  ]  ##   Simulation at step 51
[ NORMAL  ]  ##   Simulation at step 52
[ NORMAL  ]  ##   New job: : 2x item7, 1x item8 reward(222) 53-147 storage0 loc(2.30026,48.8242) capacity(10271) Job
[ NORMAL  ]  ##   Simulation at step 53
[ NORMAL  ]  ##   Simulation at step 54
[ NORMAL  ]  ##   Simulation at step 55
[ NORMAL  ]  ##   Simulation at step 56
[ NORMAL  ]  ##   Simulation at step 57
[ NORMAL  ]  ##   Simulation at step 58
[ NORMAL  ]  ##   Simulation at step 59
[ NORMAL  ]  ##   Simulation at step 60
[ NORMAL  ]  ##   Simulation at step 61
[ NORMAL  ]  ##   New job: : 1x item9, 1x item8 reward(232) 62-122 storage0 loc(2.30026,48.8242) capacity(10271) Job
[ NORMAL  ]  ##   Simulation at step 62
[ NORMAL  ]  ##   Simulation at step 63
[ NORMAL  ]  ##   Simulation at step 64
[ NORMAL  ]  ##   Simulation at step 65
[ NORMAL  ]  ##   Simulation at step 66
[ NORMAL  ]  ##   New job: : 2x item6, 2x item7, 1x item9, 1x item5, 2x item8, 1x item10 reward(429) 67-146 storage1 loc(2.3717,48.82745) capacity(11049) Job
[ NORMAL  ]  ##   Simulation at step 67
[ NORMAL  ]  ##   Simulation at step 68
[ NORMAL  ]  ##   Simulation at step 69
[ NORMAL  ]  ##   Simulation at step 70
[ NORMAL  ]  ##   Simulation at step 71
[ NORMAL  ]  ##   Simulation at step 72
[ NORMAL  ]  ##   Simulation at step 73
[ NORMAL  ]  ##   Simulation at step 74
[ NORMAL  ]  ##   New job: : 4x item6, 2x item7, 2x item10 reward(377) 75-166 storage2 loc(2.30345,48.86243) capacity(9401) Job
[ NORMAL  ]  ##   Simulation at step 75
[ NORMAL  ]  ##   Simulation at step 76
[ NORMAL  ]  ##   Simulation at step 77
[ NORMAL  ]  ##   Simulation at step 78
[ NORMAL  ]  ##   Simulation at step 79
[ NORMAL  ]  ##   Simulation at step 80
[ NORMAL  ]  ##   Simulation at step 81
[ NORMAL  ]  ##   New job: : 1x item6, 1x item9 reward(241) 82-180 storage3 loc(2.40691,48.86627) capacity(9797) AuctionJob
[ NORMAL  ]  ##   Simulation at step 82
[ NORMAL  ]  ##   New job: : 2x item9, 1x item5, 1x item8, 1x item10 reward(294) 83-181 storage0 loc(2.30026,48.8242) capacity(10271) Job
[ NORMAL  ]  ##   Simulation at step 83
[ NORMAL  ]  ##   Simulation at step 84
[ NORMAL  ]  ##   New job: : 1x item6, 1x item5, 4x item10 reward(351) 85-175 storage2 loc(2.30345,48.86243) capacity(9401) AuctionJob
[ NORMAL  ]  ##   Simulation at step 85
[ NORMAL  ]  ##   Simulation at step 86
[ NORMAL  ]  ##   Simulation at step 87
[ NORMAL  ]  ##   New job: : 1x item6, 2x item7, 1x item9, 1x item5 reward(320) 88-172 storage0 loc(2.30026,48.8242) capacity(10271) Job
[ NORMAL  ]  ##   Simulation at step 88
[ NORMAL  ]  ##   Simulation at step 89
[ NORMAL  ]  ##   Simulation at step 90
[ NORMAL  ]  ##   New job: : 3x item6, 1x item7 reward(239) 91-160 storage0 loc(2.30026,48.8242) capacity(10271) Job
[ NORMAL  ]  ##   Simulation at step 91
[ NORMAL  ]  ##   Simulation at step 92
[ NORMAL  ]  ##   Simulation at step 93
[ NORMAL  ]  ##   Simulation at step 94
[ NORMAL  ]  ##   Simulation at step 95
[ NORMAL  ]  ##   New job: : 1x item6, 1x item7, 1x item9, 2x item5, 1x item8 reward(258) 96-189 storage1 loc(2.3717,48.82745) capacity(11049) Job
[ NORMAL  ]  ##   Simulation at step 96
[ NORMAL  ]  ##   Simulation at step 97
[ NORMAL  ]  ##   New job: : 1x item9, 3x item8 reward(209) 98-174 storage0 loc(2.30026,48.8242) capacity(10271) AuctionJob
[ NORMAL  ]  ##   Simulation at step 98
[ NORMAL  ]  ##   Simulation at step 99
[ NORMAL  ]  ##   New job: : 2x item6, 1x item7, 1x item9, 1x item5, 3x item8, 1x item10 reward(375) 100-198 storage3 loc(2.40691,48.86627) capacity(9797) AuctionJob
[ NORMAL  ]  ##   Simulation at step 100
[ NORMAL  ]  ##   Simulation at step 101
[ NORMAL  ]  ##   Simulation at step 102
[ NORMAL  ]  ##   New job: : 2x item6, 1x item7, 2x item9, 1x item5, 2x item10 reward(456) 103-186 storage2 loc(2.30345,48.86243) capacity(9401) Job
[ NORMAL  ]  ##   Simulation at step 103
[ NORMAL  ]  ##   Simulation at step 104
[ NORMAL  ]  ##   Simulation at step 105
[ NORMAL  ]  ##   Simulation at step 106
[ NORMAL  ]  ##   Simulation at step 107
[ NORMAL  ]  ##   New job: : 2x item7, 1x item8, 1x item10 reward(272) 108-181 storage0 loc(2.30026,48.8242) capacity(10271) Job
[ NORMAL  ]  ##   Simulation at step 108
[ NORMAL  ]  ##   New job: : 1x item6, 1x item7, 1x item5, 1x item10 reward(219) 109-176 storage0 loc(2.30026,48.8242) capacity(10271) Job
[ NORMAL  ]  ##   Simulation at step 109
[ NORMAL  ]  ##   Simulation at step 110
[ NORMAL  ]  ##   Simulation at step 111
[ NORMAL  ]  ##   Simulation at step 112
[ NORMAL  ]  ##   Simulation at step 113
[ NORMAL  ]  ##   New job: : 1x item6, 1x item9 reward(261) 114-212 storage3 loc(2.40691,48.86627) capacity(9797) Job
[ NORMAL  ]  ##   Simulation at step 114
[ NORMAL  ]  ##   Simulation at step 115
[ NORMAL  ]  ##   New job: : 1x item9, 1x item5 reward(238) 116-171 storage1 loc(2.3717,48.82745) capacity(11049) AuctionJob
[ NORMAL  ]  ##   Simulation at step 116
[ NORMAL  ]  ##   New job: : 1x item6, 1x item7, 2x item9, 1x item5, 1x item8, 2x item10 reward(405) 117-198 storage2 loc(2.30345,48.86243) capacity(9401) Job
[ NORMAL  ]  ##   Simulation at step 117
[ NORMAL  ]  ##   Simulation at step 118
[ NORMAL  ]  ##   Simulation at step 119
[ NORMAL  ]  ##   New job: : 1x item6, 1x item9, 1x item5, 2x item8 reward(254) 120-174 storage0 loc(2.30026,48.8242) capacity(10271) Job
[ NORMAL  ]  ##   New job: : 2x item9, 2x item10 reward(340) 120-199 storage0 loc(2.30026,48.8242) capacity(10271) AuctionJob
[ NORMAL  ]  ##   Simulation at step 120
[ NORMAL  ]  ##   Simulation at step 121
[ NORMAL  ]  ##   New job: : 3x item7, 1x item9, 1x item5, 3x item8, 2x item10 reward(407) 122-201 storage0 loc(2.30026,48.8242) capacity(10271) Job
[ NORMAL  ]  ##   Simulation at step 122
[ NORMAL  ]  ##   Simulation at step 123
[ NORMAL  ]  ##   Simulation at step 124
[ NORMAL  ]  ##   Simulation at step 125
[ NORMAL  ]  ##   Simulation at step 126
[ NORMAL  ]  ##   Simulation at step 127
[ NORMAL  ]  ##   Simulation at step 128
[ NORMAL  ]  ##   New job: : 2x item6, 3x item7, 2x item8, 2x item10 reward(359) 129-200 storage0 loc(2.30026,48.8242) capacity(10271) Job
[ NORMAL  ]  ##   Simulation at step 129
[ NORMAL  ]  ##   Simulation at step 130
[ NORMAL  ]  ##   New job: : 3x item6, 1x item7, 2x item5, 2x item8, 1x item10 reward(360) 131-189 storage0 loc(2.30026,48.8242) capacity(10271) Job
[ NORMAL  ]  ##   Simulation at step 131
[ NORMAL  ]  ##   Simulation at step 132
[ NORMAL  ]  ##   Simulation at step 133
[ NORMAL  ]  ##   Simulation at step 134
[ NORMAL  ]  ##   Simulation at step 135
[ NORMAL  ]  ##   New job: : 2x item9, 1x item8, 1x item10 reward(335) 136-203 storage3 loc(2.40691,48.86627) capacity(9797) Job
[ NORMAL  ]  ##   Simulation at step 136
[ NORMAL  ]  ##   Simulation at step 137
[ NORMAL  ]  ##   Simulation at step 138
[ NORMAL  ]  ##   Simulation at step 139
[ NORMAL  ]  ##   Simulation at step 140
[ NORMAL  ]  ##   Simulation at step 141
[ NORMAL  ]  ##   Simulation at step 142
[ NORMAL  ]  ##   Simulation at step 143
[ NORMAL  ]  ##   Simulation at step 144
[ NORMAL  ]  ##   New job: : 1x item6, 1x item7, 1x item9, 3x item8, 1x item10 reward(312) 145-197 storage1 loc(2.3717,48.82745) capacity(11049) Job
[ NORMAL  ]  ##   Simulation at step 145
[ NORMAL  ]  ##   Simulation at step 146
[ NORMAL  ]  ##   Simulation at step 147
[ NORMAL  ]  ##   New job: : 2x item7, 2x item5 reward(202) 148-200 storage1 loc(2.3717,48.82745) capacity(11049) AuctionJob
[ NORMAL  ]  ##   Simulation at step 148
[ NORMAL  ]  ##   Simulation at step 149
[ NORMAL  ]  ##   New job: : 2x item6, 1x item7, 2x item9, 1x item8, 1x item10 reward(365) 150-240 storage0 loc(2.30026,48.8242) capacity(10271) Job
[ NORMAL  ]  ##   Simulation at step 150
[ NORMAL  ]  ##   New job: : 1x item7, 3x item9, 1x item5, 1x item8 reward(380) 151-203 storage2 loc(2.30345,48.86243) capacity(9401) Job
[ NORMAL  ]  ##   Simulation at step 151
[ NORMAL  ]  ##   Simulation at step 152
[ NORMAL  ]  ##   New job: : 3x item6, 1x item7, 3x item5, 3x item10 reward(400) 153-209 storage3 loc(2.40691,48.86627) capacity(9797) Job
[ NORMAL  ]  ##   Simulation at step 153
[ NORMAL  ]  ##   New job: : 1x item6, 2x item9, 1x item5, 2x item8 reward(340) 154-223 storage3 loc(2.40691,48.86627) capacity(9797) Job
[ NORMAL  ]  ##   Simulation at step 154
[ NORMAL  ]  ##   New job: : 2x item6, 2x item9, 1x item5, 2x item8, 1x item10 reward(368) 155-220 storage1 loc(2.3717,48.82745) capacity(11049) Job
[ NORMAL  ]  ##   Simulation at step 155
[ NORMAL  ]  ##   New job: : 1x item9, 1x item5 reward(258) 156-251 storage1 loc(2.3717,48.82745) capacity(11049) Job
[ NORMAL  ]  ##   Simulation at step 156
[ NORMAL  ]  ##   Simulation at step 157
[ NORMAL  ]  ##   New job: : 1x item6, 1x item7, 1x item5 reward(260) 158-236 storage2 loc(2.30345,48.86243) capacity(9401) Job
[ NORMAL  ]  ##   Simulation at step 158
[ NORMAL  ]  ##   Simulation at step 159
[ NORMAL  ]  ##   Simulation at step 160
[ NORMAL  ]  ##   Simulation at step 161
[ NORMAL  ]  ##   Simulation at step 162
[ NORMAL  ]  ##   Simulation at step 163
[ NORMAL  ]  ##   New job: : 1x item6, 1x item7, 1x item9, 1x item5, 1x item10 reward(330) 164-214 storage2 loc(2.30345,48.86243) capacity(9401) AuctionJob
[ NORMAL  ]  ##   Simulation at step 164
[ NORMAL  ]  ##   Simulation at step 165
[ NORMAL  ]  ##   New job: : 1x item6, 1x item7, 1x item9, 4x item5, 2x item10 reward(411) 166-231 storage0 loc(2.30026,48.8242) capacity(10271) Job
[ NORMAL  ]  ##   Simulation at step 166
[ NORMAL  ]  ##   Simulation at step 167
[ NORMAL  ]  ##   New job: : 1x item6, 1x item9, 1x item10 reward(265) 168-251 storage2 loc(2.30345,48.86243) capacity(9401) Job
[ NORMAL  ]  ##   Simulation at step 168
[ NORMAL  ]  ##   Simulation at step 169
[ NORMAL  ]  ##   Simulation at step 170
[ NORMAL  ]  ##   Simulation at step 171
[ NORMAL  ]  ##   New job: : 2x item7 reward(239) 172-239 storage0 loc(2.30026,48.8242) capacity(10271) Job
[ NORMAL  ]  ##   Simulation at step 172
[ NORMAL  ]  ##   Simulation at step 173
[ NORMAL  ]  ##   Simulation at step 174
[ NORMAL  ]  ##   New job: : 4x item6, 1x item9 reward(287) 175-242 storage0 loc(2.30026,48.8242) capacity(10271) Job
[ NORMAL  ]  ##   New job: : 1x item6, 2x item7, 2x item9, 1x item5, 2x item8, 1x item10 reward(466) 175-229 storage3 loc(2.40691,48.86627) capacity(9797) AuctionJob
[ NORMAL  ]  ##   Simulation at step 175
[ NORMAL  ]  ##   Simulation at step 176
[ NORMAL  ]  ##   New job: : 1x item6, 1x item7, 1x item9, 1x item5, 1x item8 reward(268) 177-232 storage1 loc(2.3717,48.82745) capacity(11049) Job
[ NORMAL  ]  ##   Simulation at step 177
[ NORMAL  ]  ##   Simulation at step 178
[ NORMAL  ]  ##   New job: : 2x item8, 2x item10 reward(277) 179-276 storage0 loc(2.30026,48.8242) capacity(10271) Job
[ NORMAL  ]  ##   Simulation at step 179
[ NORMAL  ]  ##   Simulation at step 180
[ NORMAL  ]  ##   Simulation at step 181
[ NORMAL  ]  ##   Simulation at step 182
[ NORMAL  ]  ##   Simulation at step 183
[ NORMAL  ]  ##   New job: : 2x item7, 1x item9, 5x item8, 1x item10 reward(323) 184-275 storage0 loc(2.30026,48.8242) capacity(10271) Job
[ NORMAL  ]  ##   Simulation at step 184
[ NORMAL  ]  ##   Simulation at step 185
[ NORMAL  ]  ##   Simulation at step 186
[ NORMAL  ]  ##   New job: : 3x item6, 1x item7, 1x item9, 1x item5, 1x item8 reward(366) 187-285 storage1 loc(2.3717,48.82745) capacity(11049) Job
[ NORMAL  ]  ##   Simulation at step 187
[ NORMAL  ]  ##   New job: : 2x item6, 3x item7, 1x item9, 1x item8, 1x item10 reward(428) 188-241 storage2 loc(2.30345,48.86243) capacity(9401) AuctionJob
[ NORMAL  ]  ##   Simulation at step 188
[ NORMAL  ]  ##   New job: : 1x item6, 1x item7, 2x item5, 1x item8, 1x item10 reward(223) 189-244 storage2 loc(2.30345,48.86243) capacity(9401) Job
[ NORMAL  ]  ##   Simulation at step 189
[ NORMAL  ]  ##   New job: : 2x item7, 2x item9, 2x item5, 1x item8, 1x item10 reward(417) 190-257 storage1 loc(2.3717,48.82745) capacity(11049) Job
[ NORMAL  ]  ##   Simulation at step 190
[ NORMAL  ]  ##   Simulation at step 191
[ NORMAL  ]  ##   Simulation at step 192
[ NORMAL  ]  ##   New job: : 3x item6, 2x item7, 1x item9, 1x item5, 1x item10 reward(391) 193-288 storage2 loc(2.30345,48.86243) capacity(9401) Job
[ NORMAL  ]  ##   Simulation at step 193
[ NORMAL  ]  ##   Simulation at step 194
[ NORMAL  ]  ##   Simulation at step 195
[ NORMAL  ]  ##   Simulation at step 196
[ NORMAL  ]  ##   Simulation at step 197
[ NORMAL  ]  ##   New job: : 2x item7, 1x item8, 1x item10 reward(205) 198-293 storage1 loc(2.3717,48.82745) capacity(11049) AuctionJob
[ NORMAL  ]  ##   Simulation at step 198
[ NORMAL  ]  ##   Simulation at step 199
[ NORMAL  ]  ##   Simulation at step 200
[ NORMAL  ]  ##   Simulation at step 201
[ NORMAL  ]  ##   Simulation at step 202
[ NORMAL  ]  ##   New job: : 1x item7, 1x item10 reward(222) 203-277 storage0 loc(2.30026,48.8242) capacity(10271) Job
[ NORMAL  ]  ##   Simulation at step 203
[ NORMAL  ]  ##   New job: : 2x item6, 1x item7, 1x item9, 1x item8, 1x item10 reward(365) 204-302 storage0 loc(2.30026,48.8242) capacity(10271) Job
[ NORMAL  ]  ##   Simulation at step 204
[ NORMAL  ]  ##   Simulation at step 205
[ NORMAL  ]  ##   Simulation at step 206
[ NORMAL  ]  ##   Simulation at step 207
[ NORMAL  ]  ##   Simulation at step 208
[ NORMAL  ]  ##   Simulation at step 209
[ NORMAL  ]  ##   Simulation at step 210
[ NORMAL  ]  ##   Simulation at step 211
[ NORMAL  ]  ##   Simulation at step 212
[ NORMAL  ]  ##   Simulation at step 213
[ NORMAL  ]  ##   New job: : 4x item6, 1x item7, 2x item9, 2x item5, 1x item10 reward(457) 214-287 storage2 loc(2.30345,48.86243) capacity(9401) Job
[ NORMAL  ]  ##   Simulation at step 214
[ NORMAL  ]  ##   Simulation at step 215
[ NORMAL  ]  ##   New job: : 2x item9, 1x item8 reward(315) 216-283 storage2 loc(2.30345,48.86243) capacity(9401) Job
[ NORMAL  ]  ##   Simulation at step 216
[ NORMAL  ]  ##   Simulation at step 217
[ NORMAL  ]  ##   Simulation at step 218
[ NORMAL  ]  ##   Simulation at step 219
[ NORMAL  ]  ##   New job: : 1x item6, 1x item7, 1x item9, 1x item5, 1x item10 reward(267) 220-272 storage3 loc(2.40691,48.86627) capacity(9797) Job
[ NORMAL  ]  ##   Simulation at step 220
[ NORMAL  ]  ##   Simulation at step 221
[ NORMAL  ]  ##   Simulation at step 222
[ NORMAL  ]  ##   Simulation at step 223
[ NORMAL  ]  ##   Simulation at step 224
[ NORMAL  ]  ##   Simulation at step 225
[ NORMAL  ]  ##   Simulation at step 226
[ NORMAL  ]  ##   Simulation at step 227
[ NORMAL  ]  ##   New job: : 3x item5, 2x item8, 3x item10 reward(277) 228-317 storage3 loc(2.40691,48.86627) capacity(9797) Job
[ NORMAL  ]  ##   Simulation at step 228
[ NORMAL  ]  ##   Simulation at step 229
[ NORMAL  ]  ##   Simulation at step 230
[ NORMAL  ]  ##   New job: : 2x item6, 2x item9, 2x item5, 4x item8 reward(408) 231-284 storage1 loc(2.3717,48.82745) capacity(11049) AuctionJob
[ NORMAL  ]  ##   Simulation at step 231
[ NORMAL  ]  ##   New job: : 2x item5, 1x item8, 2x item10 reward(310) 232-330 storage2 loc(2.30345,48.86243) capacity(9401) Job
[ NORMAL  ]  ##   New job: : 1x item6, 2x item7, 3x item5, 1x item8 reward(215) 232-307 storage2 loc(2.30345,48.86243) capacity(9401) AuctionJob
[ NORMAL  ]  ##   Simulation at step 232
[ NORMAL  ]  ##   New job: : 2x item6, 3x item7, 1x item5, 2x item8, 1x item10 reward(311) 233-331 storage0 loc(2.30026,48.8242) capacity(10271) AuctionJob
[ NORMAL  ]  ##   Simulation at step 233
[ NORMAL  ]  ##   New job: : 1x item6, 2x item7, 1x item5, 2x item8, 1x item10 reward(255) 234-326 storage1 loc(2.3717,48.82745) capacity(11049) Job
[ NORMAL  ]  ##   Simulation at step 234
[ NORMAL  ]  ##   Simulation at step 235
[ NORMAL  ]  ##   Simulation at step 236
[ NORMAL  ]  ##   New job: : 2x item9, 1x item5, 1x item8 reward(266) 237-297 storage2 loc(2.30345,48.86243) capacity(9401) Job
[ NORMAL  ]  ##   Simulation at step 237
[ NORMAL  ]  ##   Simulation at step 238
[ NORMAL  ]  ##   Simulation at step 239
[ NORMAL  ]  ##   Simulation at step 240
[ NORMAL  ]  ##   Simulation at step 241
[ NORMAL  ]  ##   Simulation at step 242
[ NORMAL  ]  ##   Simulation at step 243
[ NORMAL  ]  ##   Simulation at step 244
[ NORMAL  ]  ##   Simulation at step 245
[ NORMAL  ]  ##   New job: : 2x item6, 2x item7, 2x item9 reward(341) 246-318 storage1 loc(2.3717,48.82745) capacity(11049) AuctionJob
[ NORMAL  ]  ##   Simulation at step 246
[ NORMAL  ]  ##   Simulation at step 247
[ NORMAL  ]  ##   Simulation at step 248
[ NORMAL  ]  ##   Simulation at step 249
[ NORMAL  ]  ##   Simulation at step 250
[ NORMAL  ]  ##   Simulation at step 251
[ NORMAL  ]  ##   Simulation at step 252
[ NORMAL  ]  ##   Simulation at step 253
[ NORMAL  ]  ##   Simulation at step 254
[ NORMAL  ]  ##   Simulation at step 255
[ NORMAL  ]  ##   Simulation at step 256
[ NORMAL  ]  ##   New job: : 1x item6, 2x item7, 1x item5, 1x item8, 1x item10 reward(298) 257-307 storage3 loc(2.40691,48.86627) capacity(9797) Job
[ NORMAL  ]  ##   Simulation at step 257
[ NORMAL  ]  ##   Simulation at step 258
[ NORMAL  ]  ##   Simulation at step 259
[ NORMAL  ]  ##   Simulation at step 260
[ NORMAL  ]  ##   Simulation at step 261
[ NORMAL  ]  ##   New job: : 1x item9, 3x item5, 1x item10 reward(330) 262-322 storage1 loc(2.3717,48.82745) capacity(11049) Job
[ NORMAL  ]  ##   Simulation at step 262
[ NORMAL  ]  ##   Simulation at step 263
[ NORMAL  ]  ##   Simulation at step 264
[ NORMAL  ]  ##   Simulation at step 265
[ NORMAL  ]  ##   New job: : 1x item8, 1x item10 reward(212) 266-342 storage1 loc(2.3717,48.82745) capacity(11049) Job
[ NORMAL  ]  ##   Simulation at step 266
[ NORMAL  ]  ##   Simulation at step 267
[ NORMAL  ]  ##   Simulation at step 268
[ NORMAL  ]  ##   New job: : 1x item7, 3x item9, 1x item5, 3x item8 reward(422) 269-333 storage0 loc(2.30026,48.8242) capacity(10271) Job
[ NORMAL  ]  ##   Simulation at step 269
[ NORMAL  ]  ##   Simulation at step 270
[ NORMAL  ]  ##   New job: : 1x item7, 2x item9, 5x item8, 1x item10 reward(410) 271-331 storage0 loc(2.30026,48.8242) capacity(10271) Job
[ NORMAL  ]  ##   Simulation at step 271
[ NORMAL  ]  ##   Simulation at step 272
[ NORMAL  ]  ##   Simulation at step 273
[ NORMAL  ]  ##   Simulation at step 274
[ NORMAL  ]  ##   Simulation at step 275
[ NORMAL  ]  ##   Simulation at step 276
[ NORMAL  ]  ##   Simulation at step 277
[ NORMAL  ]  ##   New job: : 2x item9, 1x item5, 1x item8, 1x item10 reward(374) 278-335 storage2 loc(2.30345,48.86243) capacity(9401) Job
[ NORMAL  ]  ##   Simulation at step 278
[ NORMAL  ]  ##   Simulation at step 279
[ NORMAL  ]  ##   New job: : 1x item6, 1x item7, 1x item9 reward(283) 280-340 storage2 loc(2.30345,48.86243) capacity(9401) Job
[ NORMAL  ]  ##   Simulation at step 280
[ NORMAL  ]  ##   New job: : 1x item6, 3x item7, 1x item8, 3x item10 reward(418) 281-352 storage2 loc(2.30345,48.86243) capacity(9401) Job
[ NORMAL  ]  ##   Simulation at step 281
[ NORMAL  ]  ##   New job: : 2x item9 reward(330) 282-362 storage2 loc(2.30345,48.86243) capacity(9401) AuctionJob
[ NORMAL  ]  ##   New job: : 3x item6, 4x item7, 1x item5 reward(381) 282-350 storage3 loc(2.40691,48.86627) capacity(9797) Job
[ NORMAL  ]  ##   Simulation at step 282
[ NORMAL  ]  ##   New job: : 2x item6, 1x item7, 1x item10 reward(301) 283-348 storage0 loc(2.30026,48.8242) capacity(10271) Job
[ NORMAL  ]  ##   Simulation at step 283
[ NORMAL  ]  ##   Simulation at step 284
[ NORMAL  ]  ##   Simulation at step 285
[ NORMAL  ]  ##   Simulation at step 286
[ NORMAL  ]  ##   Simulation at step 287
[ NORMAL  ]  ##   Simulation at step 288
[ NORMAL  ]  ##   Simulation at step 289
[ NORMAL  ]  ##   New job: : 1x item6, 1x item7, 1x item5 reward(188) 290-362 storage0 loc(2.30026,48.8242) capacity(10271) Job
[ NORMAL  ]  ##   Simulation at step 290
[ NORMAL  ]  ##   Simulation at step 291
[ NORMAL  ]  ##   Simulation at step 292
[ NORMAL  ]  ##   Simulation at step 293
[ NORMAL  ]  ##   Simulation at step 294
[ NORMAL  ]  ##   Simulation at step 295
[ NORMAL  ]  ##   Simulation at step 296
[ NORMAL  ]  ##   Simulation at step 297
[ NORMAL  ]  ##   New job: : 2x item6, 4x item7, 1x item5, 3x item10 reward(458) 298-393 storage0 loc(2.30026,48.8242) capacity(10271) Mission
[ NORMAL  ]  ##   New job: : 2x item6, 4x item7, 1x item5, 3x item10 reward(458) 298-393 storage0 loc(2.30026,48.8242) capacity(10271) Mission
[ NORMAL  ]  ##   Simulation at step 298
[ NORMAL  ]  ##   Simulation at step 299
[ NORMAL  ]  ##   New job: : 1x item6, 1x item9 reward(274) 300-363 storage1 loc(2.3717,48.82745) capacity(11049) Job
[ NORMAL  ]  ##   New job: : 1x item6, 1x item9, 1x item5, 1x item8, 2x item10 reward(290) 300-389 storage2 loc(2.30345,48.86243) capacity(9401) AuctionJob
[ NORMAL  ]  ##   Simulation at step 300
[ NORMAL  ]  ##   New job: : 2x item6, 1x item7, 1x item9, 2x item8, 1x item10 reward(342) 301-362 storage3 loc(2.40691,48.86627) capacity(9797) Job
[ NORMAL  ]  ##   Simulation at step 301
[ NORMAL  ]  ##   Simulation at step 302
[ NORMAL  ]  ##   Simulation at step 303
[ NORMAL  ]  ##   Simulation at step 304
[ NORMAL  ]  ##   Simulation at step 305
[ NORMAL  ]  ##   New job: : 3x item6, 3x item9, 1x item8 reward(383) 306-357 storage0 loc(2.30026,48.8242) capacity(10271) Mission
[ NORMAL  ]  ##   New job: : 3x item6, 3x item9, 1x item8 reward(383) 306-357 storage0 loc(2.30026,48.8242) capacity(10271) Mission
[ NORMAL  ]  ##   Simulation at step 306
[ NORMAL  ]  ##   Simulation at step 307
[ NORMAL  ]  ##   New job: : 1x item6, 1x item9, 4x item8, 1x item10 reward(334) 308-397 storage0 loc(2.30026,48.8242) capacity(10271) Job
[ NORMAL  ]  ##   Simulation at step 308
[ NORMAL  ]  ##   Simulation at step 309
[ NORMAL  ]  ##   Simulation at step 310
[ NORMAL  ]  ##   Simulation at step 311
[ NORMAL  ]  ##   Simulation at step 312
[ NORMAL  ]  ##   Simulation at step 313
[ NORMAL  ]  ##   New job: : 1x item6, 1x item8, 1x item10 reward(211) 314-365 storage3 loc(2.40691,48.86627) capacity(9797) Job
[ NORMAL  ]  ##   Simulation at step 314
[ NORMAL  ]  ##   New job: : 2x item9, 1x item5, 1x item8, 3x item10 reward(406) 315-407 storage0 loc(2.30026,48.8242) capacity(10271) Job
[ NORMAL  ]  ##   Simulation at step 315
[ NORMAL  ]  ##   Simulation at step 316
[ NORMAL  ]  ##   Simulation at step 317
[ NORMAL  ]  ##   New job: : 2x item6, 1x item9, 2x item5, 1x item8, 1x item10 reward(329) 318-389 storage2 loc(2.30345,48.86243) capacity(9401) Mission
[ NORMAL  ]  ##   New job: : 2x item6, 1x item9, 2x item5, 1x item8, 1x item10 reward(329) 318-389 storage2 loc(2.30345,48.86243) capacity(9401) Mission
[ NORMAL  ]  ##   Simulation at step 318
[ NORMAL  ]  ##   Simulation at step 319
[ NORMAL  ]  ##   New job: : 1x item9, 1x item10 reward(244) 320-402 storage1 loc(2.3717,48.82745) capacity(11049) Job
[ NORMAL  ]  ##   Simulation at step 320
[ NORMAL  ]  ##   New job: : 3x item6, 1x item7, 2x item5, 1x item10 reward(284) 321-406 storage2 loc(2.30345,48.86243) capacity(9401) AuctionJob
[ NORMAL  ]  ##   Simulation at step 321
[ NORMAL  ]  ##   New job: : 1x item6, 2x item7, 2x item9, 1x item5, 2x item8, 2x item10 reward(437) 322-406 storage2 loc(2.30345,48.86243) capacity(9401) Job
[ NORMAL  ]  ##   Simulation at step 322
[ NORMAL  ]  ##   Simulation at step 323
[ NORMAL  ]  ##   Simulation at step 324
[ NORMAL  ]  ##   Simulation at step 325
[ NORMAL  ]  ##   Simulation at step 326
[ NORMAL  ]  ##   Simulation at step 327
[ NORMAL  ]  ##   New job: : 1x item6, 1x item5 reward(136) 328-397 storage1 loc(2.3717,48.82745) capacity(11049) Job
[ NORMAL  ]  ##   Simulation at step 328
[ NORMAL  ]  ##   Simulation at step 329
[ NORMAL  ]  ##   Simulation at step 330
[ NORMAL  ]  ##   Simulation at step 331
[ NORMAL  ]  ##   New job: : 2x item6, 1x item7, 1x item9, 1x item8, 3x item10 reward(390) 332-423 storage0 loc(2.30026,48.8242) capacity(10271) AuctionJob
[ NORMAL  ]  ##   Simulation at step 332
[ NORMAL  ]  ##   Simulation at step 333
[ NORMAL  ]  ##   Simulation at step 334
[ NORMAL  ]  ##   Simulation at step 335
[ NORMAL  ]  ##   New job: : 1x item6, 1x item5, 1x item8 reward(233) 336-390 storage3 loc(2.40691,48.86627) capacity(9797) Job
[ NORMAL  ]  ##   Simulation at step 336
[ NORMAL  ]  ##   Simulation at step 337
[ NORMAL  ]  ##   New job: : 1x item6, 1x item7, 1x item9, 2x item5, 2x item8, 3x item10 reward(447) 338-432 storage2 loc(2.30345,48.86243) capacity(9401) Job
[ NORMAL  ]  ##   Simulation at step 338
[ NORMAL  ]  ##   Simulation at step 339
[ NORMAL  ]  ##   Simulation at step 340
[ NORMAL  ]  ##   New job: : 2x item6, 3x item7, 2x item9, 2x item10 reward(462) 341-392 storage1 loc(2.3717,48.82745) capacity(11049) AuctionJob
[ NORMAL  ]  ##   Simulation at step 341
[ NORMAL  ]  ##   Simulation at step 342
[ NORMAL  ]  ##   Simulation at step 343
[ NORMAL  ]  ##   Simulation at step 344
[ NORMAL  ]  ##   Simulation at step 345
[ NORMAL  ]  ##   Simulation at step 346
[ NORMAL  ]  ##   Simulation at step 347
[ NORMAL  ]  ##   Simulation at step 348
[ NORMAL  ]  ##   Simulation at step 349
[ NORMAL  ]  ##   Simulation at step 350
[ NORMAL  ]  ##   New job: : 2x item6, 1x item9, 1x item10 reward(355) 351-407 storage2 loc(2.30345,48.86243) capacity(9401) AuctionJob
[ NORMAL  ]  ##   Simulation at step 351
[ NORMAL  ]  ##   Simulation at step 352
[ NORMAL  ]  ##   Simulation at step 353
[ NORMAL  ]  ##   Simulation at step 354
[ NORMAL  ]  ##   Simulation at step 355
[ NORMAL  ]  ##   Simulation at step 356
[ NORMAL  ]  ##   Simulation at step 357
[ NORMAL  ]  ##   New job: : 1x item6, 1x item7, 3x item5, 1x item8, 1x item10 reward(293) 358-430 storage3 loc(2.40691,48.86627) capacity(9797) Job
[ NORMAL  ]  ##   New job: : 1x item6, 1x item9, 4x item5, 1x item10 reward(277) 358-419 storage3 loc(2.40691,48.86627) capacity(9797) AuctionJob
[ NORMAL  ]  ##   Simulation at step 358
[ NORMAL  ]  ##   Simulation at step 359
[ NORMAL  ]  ##   New job: : 1x item6, 1x item7, 1x item5, 1x item8, 2x item10 reward(312) 360-436 storage2 loc(2.30345,48.86243) capacity(9401) Job
[ NORMAL  ]  ##   Simulation at step 360
[ NORMAL  ]  ##   New job: : 1x item6, 1x item7, 1x item9, 3x item5, 3x item8 reward(331) 361-445 storage0 loc(2.30026,48.8242) capacity(10271) Job
[ NORMAL  ]  ##   Simulation at step 361
[ NORMAL  ]  ##   New job: : 4x item9, 1x item5, 1x item10 reward(441) 362-457 storage2 loc(2.30345,48.86243) capacity(9401) AuctionJob
[ NORMAL  ]  ##   Simulation at step 362
[ NORMAL  ]  ##   Simulation at step 363
[ NORMAL  ]  ##   Simulation at step 364
[ NORMAL  ]  ##   Simulation at step 365
[ NORMAL  ]  ##   Simulation at step 366
[ NORMAL  ]  ##   Simulation at step 367
[ NORMAL  ]  ##   Simulation at step 368
[ NORMAL  ]  ##   Simulation at step 369
[ NORMAL  ]  ##   New job: : 1x item7, 1x item9, 3x item5, 1x item8 reward(262) 370-421 storage0 loc(2.30026,48.8242) capacity(10271) AuctionJob
[ NORMAL  ]  ##   Simulation at step 370
[ NORMAL  ]  ##   Simulation at step 371
[ NORMAL  ]  ##   New job: : 1x item6, 1x item9, 4x item5, 1x item8, 3x item10 reward(440) 372-460 storage0 loc(2.30026,48.8242) capacity(10271) Job
[ NORMAL  ]  ##   Simulation at step 372
[ NORMAL  ]  ##   Simulation at step 373
[ NORMAL  ]  ##   Simulation at step 374
[ NORMAL  ]  ##   Simulation at step 375
[ NORMAL  ]  ##   New job: : 1x item6, 1x item7, 2x item9, 1x item10 reward(368) 376-465 storage2 loc(2.30345,48.86243) capacity(9401) Job
[ NORMAL  ]  ##   Simulation at step 376
[ NORMAL  ]  ##   New job: : 1x item6, 4x item7, 1x item8, 2x item10 reward(411) 377-439 storage2 loc(2.30345,48.86243) capacity(9401) Job
[ NORMAL  ]  ##   Simulation at step 377
[ NORMAL  ]  ##   Simulation at step 378
[ NORMAL  ]  ##   New job: : 1x item7, 1x item5 reward(141) 379-458 storage2 loc(2.30345,48.86243) capacity(9401) Job
[ NORMAL  ]  ##   Simulation at step 379
[ NORMAL  ]  ##   New job: : 2x item7, 1x item9, 2x item8 reward(292) 380-445 storage2 loc(2.30345,48.86243) capacity(9401) Job
[ NORMAL  ]  ##   Simulation at step 380
[ NORMAL  ]  ##   Simulation at step 381
[ NORMAL  ]  ##   New job: : 1x item7, 4x item9, 2x item8 reward(453) 382-452 storage0 loc(2.30026,48.8242) capacity(10271) Job
[ NORMAL  ]  ##   Simulation at step 382
[ NORMAL  ]  ##   Simulation at step 383
[ NORMAL  ]  ##   Simulation at step 384
[ NORMAL  ]  ##   Simulation at step 385
[ NORMAL  ]  ##   Simulation at step 386
[ NORMAL  ]  ##   Simulation at step 387
[ NORMAL  ]  ##   New job: : 1x item6, 2x item7, 2x item5, 2x item8, 1x item10 reward(344) 388-438 storage3 loc(2.40691,48.86627) capacity(9797) Job
[ NORMAL  ]  ##   Simulation at step 388
[ NORMAL  ]  ##   Simulation at step 389
[ NORMAL  ]  ##   Simulation at step 390
[ NORMAL  ]  ##   Simulation at step 391
[ NORMAL  ]  ##   Simulation at step 392
[ NORMAL  ]  ##   Simulation at step 393
[ NORMAL  ]  ##   Simulation at step 394
[ NORMAL  ]  ##   New job: : 1x item9, 2x item5, 2x item8, 4x item10 reward(426) 395-482 storage3 loc(2.40691,48.86627) capacity(9797) AuctionJob
[ NORMAL  ]  ##   Simulation at step 395
[ NORMAL  ]  ##   Simulation at step 396
[ NORMAL  ]  ##   Simulation at step 397
[ NORMAL  ]  ##   Simulation at step 398
[ NORMAL  ]  ##   New job: : 3x item6, 1x item7, 1x item9, 2x item5, 1x item8, 1x item10 reward(412) 399-485 storage2 loc(2.30345,48.86243) capacity(9401) AuctionJob
[ NORMAL  ]  ##   Simulation at step 399
[ NORMAL  ]  ##   New job: : 1x item6, 1x item7, 3x item9, 2x item5, 1x item8, 2x item10 reward(499) 400-463 storage2 loc(2.30345,48.86243) capacity(9401) Job
[ NORMAL  ]  ##   Simulation at step 400
[ NORMAL  ]  ##   Simulation at step 401
[ NORMAL  ]  ##   Simulation at step 402
[ NORMAL  ]  ##   New job: : 1x item6, 2x item7, 1x item8 reward(208) 403-489 storage2 loc(2.30345,48.86243) capacity(9401) Job
[ NORMAL  ]  ##   Simulation at step 403
[ NORMAL  ]  ##   Simulation at step 404
[ NORMAL  ]  ##   Simulation at step 405
[ NORMAL  ]  ##   Simulation at step 406
[ NORMAL  ]  ##   New job: : 3x item6, 2x item10 reward(312) 407-487 storage2 loc(2.30345,48.86243) capacity(9401) AuctionJob
[ NORMAL  ]  ##   Simulation at step 407
[ NORMAL  ]  ##   Simulation at step 408
[ NORMAL  ]  ##   Simulation at step 409
[ NORMAL  ]  ##   Simulation at step 410
[ NORMAL  ]  ##   Simulation at step 411
[ NORMAL  ]  ##   Simulation at step 412
[ NORMAL  ]  ##   New job: : 3x item6, 1x item7, 1x item9, 1x item5, 1x item8 reward(351) 413-479 storage2 loc(2.30345,48.86243) capacity(9401) Job
[ NORMAL  ]  ##   Simulation at step 413
[ NORMAL  ]  ##   Simulation at step 414
[ NORMAL  ]  ##   Simulation at step 415
[ NORMAL  ]  ##   Simulation at step 416
[ NORMAL  ]  ##   Simulation at step 417
[ NORMAL  ]  ##   Simulation at step 418
[ NORMAL  ]  ##   New job: : 1x item5, 1x item8 reward(151) 419-504 storage1 loc(2.3717,48.82745) capacity(11049) AuctionJob
[ NORMAL  ]  ##   Simulation at step 419
[ NORMAL  ]  ##   Simulation at step 420
[ NORMAL  ]  ##   Simulation at step 421
[ NORMAL  ]  ##   Simulation at step 422
[ NORMAL  ]  ##   Simulation at step 423
[ NORMAL  ]  ##   Simulation at step 424
[ NORMAL  ]  ##   Simulation at step 425
[ NORMAL  ]  ##   Simulation at step 426
[ NORMAL  ]  ##   Simulation at step 427
[ NORMAL  ]  ##   Simulation at step 428
[ NORMAL  ]  ##   New job: : 1x item6, 3x item7, 1x item9, 1x item5, 2x item8, 2x item10 reward(449) 429-491 storage2 loc(2.30345,48.86243) capacity(9401) Job
[ NORMAL  ]  ##   Simulation at step 429
[ NORMAL  ]  ##   New job: : 2x item6, 1x item9, 1x item5, 1x item8, 2x item10 reward(342) 430-483 storage2 loc(2.30345,48.86243) capacity(9401) Job
[ NORMAL  ]  ##   Simulation at step 430
[ NORMAL  ]  ##   Simulation at step 431
[ NORMAL  ]  ##   Simulation at step 432
[ NORMAL  ]  ##   New job: : 1x item6, 1x item7, 1x item10 reward(242) 433-498 storage0 loc(2.30026,48.8242) capacity(10271) Job
[ NORMAL  ]  ##   Simulation at step 433
[ NORMAL  ]  ##   Simulation at step 434
[ NORMAL  ]  ##   Simulation at step 435
[ NORMAL  ]  ##   Simulation at step 436
[ NORMAL  ]  ##   New job: : 2x item6, 3x item7, 3x item5, 1x item8 reward(272) 437-519 storage0 loc(2.30026,48.8242) capacity(10271) Job
[ NORMAL  ]  ##   Simulation at step 437
[ NORMAL  ]  ##   Simulation at step 438
[ NORMAL  ]  ##   Simulation at step 439
[ NORMAL  ]  ##   Simulation at step 440
[ NORMAL  ]  ##   New job: : 2x item7, 3x item5, 2x item10 reward(324) 441-503 storage1 loc(2.3717,48.82745) capacity(11049) AuctionJob
[ NORMAL  ]  ##   Simulation at step 441
[ NORMAL  ]  ##   New job: : 1x item7, 1x item5, 1x item8 reward(166) 442-506 storage0 loc(2.30026,48.8242) capacity(10271) AuctionJob
[ NORMAL  ]  ##   Simulation at step 442
[ NORMAL  ]  ##   Simulation at step 443
[ NORMAL  ]  ##   Simulation at step 444
[ NORMAL  ]  ##   New job: : 1x item6, 1x item7, 1x item9, 1x item5, 1x item10 reward(302) 445-531 storage3 loc(2.40691,48.86627) capacity(9797) Job
[ NORMAL  ]  ##   Simulation at step 445
[ NORMAL  ]  ##   New job: : 3x item6, 1x item9, 1x item5, 1x item8, 1x item10 reward(390) 446-540 storage0 loc(2.30026,48.8242) capacity(10271) Job
[ NORMAL  ]  ##   Simulation at step 446
[ NORMAL  ]  ##   Simulation at step 447
[ NORMAL  ]  ##   Simulation at step 448
[ NORMAL  ]  ##   Simulation at step 449
[ NORMAL  ]  ##   Simulation at step 450
[ NORMAL  ]  ##   New job: : 1x item9, 1x item10 reward(206) 451-526 storage1 loc(2.3717,48.82745) capacity(11049) Job
[ NORMAL  ]  ##   Simulation at step 451
[ NORMAL  ]  ##   Simulation at step 452
[ NORMAL  ]  ##   Simulation at step 453
[ NORMAL  ]  ##   New job: : 1x item6, 1x item7, 1x item9, 2x item5, 1x item8, 3x item10 reward(372) 454-518 storage1 loc(2.3717,48.82745) capacity(11049) AuctionJob
[ NORMAL  ]  ##   Simulation at step 454
[ NORMAL  ]  ##   Simulation at step 455
[ NORMAL  ]  ##   New job: : 1x item6, 1x item9 reward(246) 456-549 storage3 loc(2.40691,48.86627) capacity(9797) Job
[ NORMAL  ]  ##   Simulation at step 456
[ NORMAL  ]  ##   New job: : 2x item7, 1x item9 reward(274) 457-508 storage1 loc(2.3717,48.82745) capacity(11049) Job
[ NORMAL  ]  ##   Simulation at step 457
[ NORMAL  ]  ##   Simulation at step 458
[ NORMAL  ]  ##   Simulation at step 459
[ NORMAL  ]  ##   Simulation at step 460
[ NORMAL  ]  ##   Simulation at step 461
[ NORMAL  ]  ##   Simulation at step 462
[ NORMAL  ]  ##   Simulation at step 463
[ NORMAL  ]  ##   New job: : 2x item6, 1x item7, 1x item9, 2x item5, 2x item10 reward(434) 464-518 storage0 loc(2.30026,48.8242) capacity(10271) Job
[ NORMAL  ]  ##   Simulation at step 464
[ NORMAL  ]  ##   Simulation at step 465
[ NORMAL  ]  ##   New job: : 1x item7, 1x item9, 1x item8, 2x item10 reward(304) 466-536 storage1 loc(2.3717,48.82745) capacity(11049) Job
[ NORMAL  ]  ##   Simulation at step 466
[ NORMAL  ]  ##   New job: : 1x item6, 1x item10 reward(174) 467-527 storage3 loc(2.40691,48.86627) capacity(9797) Job
[ NORMAL  ]  ##   Simulation at step 467
[ NORMAL  ]  ##   Simulation at step 468
[ NORMAL  ]  ##   Simulation at step 469
[ NORMAL  ]  ##   New job: : 1x item5, 2x item8 reward(180) 470-570 storage1 loc(2.3717,48.82745) capacity(11049) Job
[ NORMAL  ]  ##   Simulation at step 470
[ NORMAL  ]  ##   New job: : 2x item6, 1x item7, 1x item9, 2x item8, 2x item10 reward(405) 471-557 storage0 loc(2.30026,48.8242) capacity(10271) Job
[ NORMAL  ]  ##   Simulation at step 471
[ NORMAL  ]  ##   Simulation at step 472
[ NORMAL  ]  ##   Simulation at step 473
[ NORMAL  ]  ##   New job: : 1x item6, 1x item7, 1x item9, 3x item5, 2x item8, 2x item10 reward(368) 474-543 storage2 loc(2.30345,48.86243) capacity(9401) Job
[ NORMAL  ]  ##   Simulation at step 474
[ NORMAL  ]  ##   Simulation at step 475
[ NORMAL  ]  ##   Simulation at step 476
[ NORMAL  ]  ##   Simulation at step 477
[ NORMAL  ]  ##   New job: : 1x item6, 2x item10 reward(254) 478-555 storage3 loc(2.40691,48.86627) capacity(9797) Job
[ NORMAL  ]  ##   Simulation at step 478
[ NORMAL  ]  ##   Simulation at step 479
[ NORMAL  ]  ##   Simulation at step 480
[ NORMAL  ]  ##   Simulation at step 481
[ NORMAL  ]  ##   Simulation at step 482
[ NORMAL  ]  ##   Simulation at step 483
[ NORMAL  ]  ##   Simulation at step 484
[ NORMAL  ]  ##   New job: : 2x item7, 4x item9, 1x item5, 1x item8 reward(460) 485-552 storage1 loc(2.3717,48.82745) capacity(11049) Job
[ NORMAL  ]  ##   Simulation at step 485
[ NORMAL  ]  ##   Simulation at step 486
[ NORMAL  ]  ##   Simulation at step 487
[ NORMAL  ]  ##   New job: : 1x item6, 1x item7, 1x item9, 1x item10 reward(298) 488-544 storage2 loc(2.30345,48.86243) capacity(9401) Job
[ NORMAL  ]  ##   Simulation at step 488
[ NORMAL  ]  ##   Simulation at step 489
[ NORMAL  ]  ##   Simulation at step 490
[ NORMAL  ]  ##   Simulation at step 491
[ NORMAL  ]  ##   Simulation at step 492
[ NORMAL  ]  ##   New job: : 1x item5, 1x item8, 1x item10 reward(172) 493-564 storage1 loc(2.3717,48.82745) capacity(11049) Job
[ NORMAL  ]  ##   Simulation at step 493
[ NORMAL  ]  ##   Simulation at step 494
[ NORMAL  ]  ##   Simulation at step 495
[ NORMAL  ]  ##   Simulation at step 496
[ NORMAL  ]  ##   Simulation at step 497
[ NORMAL  ]  ##   Simulation at step 498
[ NORMAL  ]  ##   Simulation at step 499
[ NORMAL  ]  ##   Simulation at step 500
[ NORMAL  ]  ##   Simulation at step 501
[ NORMAL  ]  ##   Simulation at step 502
[ NORMAL  ]  ##   New job: : 1x item6, 3x item7, 1x item5, 2x item8 reward(330) 503-588 storage2 loc(2.30345,48.86243) capacity(9401) AuctionJob
[ NORMAL  ]  ##   Simulation at step 503
[ NORMAL  ]  ##   Simulation at step 504
[ NORMAL  ]  ##   New job: : 2x item6, 2x item7, 2x item9, 1x item5, 2x item8, 1x item10 reward(427) 505-567 storage1 loc(2.3717,48.82745) capacity(11049) Job
[ NORMAL  ]  ##   Simulation at step 505
[ NORMAL  ]  ##   New job: : 2x item9, 2x item8, 1x item10 reward(360) 506-582 storage1 loc(2.3717,48.82745) capacity(11049) Job
[ NORMAL  ]  ##   Simulation at step 506
[ NORMAL  ]  ##   Simulation at step 507
[ NORMAL  ]  ##   Simulation at step 508
[ NORMAL  ]  ##   Simulation at step 509
[ NORMAL  ]  ##   Simulation at step 510
[ NORMAL  ]  ##   Simulation at step 511
[ NORMAL  ]  ##   New job: : 2x item8, 1x item10 reward(176) 512-587 storage2 loc(2.30345,48.86243) capacity(9401) AuctionJob
[ NORMAL  ]  ##   Simulation at step 512
[ NORMAL  ]  ##   Simulation at step 513
[ NORMAL  ]  ##   Simulation at step 514
[ NORMAL  ]  ##   Simulation at step 515
[ NORMAL  ]  ##   Simulation at step 516
[ NORMAL  ]  ##   Simulation at step 517
[ NORMAL  ]  ##   Simulation at step 518
[ NORMAL  ]  ##   New job: : 1x item6, 1x item9, 1x item8, 2x item10 reward(292) 519-572 storage1 loc(2.3717,48.82745) capacity(11049) Job
[ NORMAL  ]  ##   Simulation at step 519
[ NORMAL  ]  ##   Simulation at step 520
[ NORMAL  ]  ##   Simulation at step 521
[ NORMAL  ]  ##   New job: : 2x item6, 3x item7, 2x item5, 2x item8, 1x item10 reward(319) 522-610 storage0 loc(2.30026,48.8242) capacity(10271) Job
[ NORMAL  ]  ##   Simulation at step 522
[ NORMAL  ]  ##   Simulation at step 523
[ NORMAL  ]  ##   Simulation at step 524
[ NORMAL  ]  ##   Simulation at step 525
[ NORMAL  ]  ##   Simulation at step 526
[ NORMAL  ]  ##   New job: : 2x item6, 2x item5, 1x item8, 2x item10 reward(323) 527-595 storage1 loc(2.3717,48.82745) capacity(11049) Job
[ NORMAL  ]  ##   Simulation at step 527
[ NORMAL  ]  ##   Simulation at step 528
[ NORMAL  ]  ##   Simulation at step 529
[ NORMAL  ]  ##   New job: : 1x item6, 1x item7, 1x item9, 1x item8 reward(262) 530-619 storage1 loc(2.3717,48.82745) capacity(11049) AuctionJob
[ NORMAL  ]  ##   Simulation at step 530
[ NORMAL  ]  ##   Simulation at step 531
[ NORMAL  ]  ##   New job: : 3x item7, 1x item10 reward(268) 532-611 storage2 loc(2.30345,48.86243) capacity(9401) AuctionJob
[ NORMAL  ]  ##   Simulation at step 532
[ NORMAL  ]  ##   New job: : 1x item8, 1x item10 reward(155) 533-598 storage1 loc(2.3717,48.82745) capacity(11049) Job
[ NORMAL  ]  ##   Simulation at step 533
[ NORMAL  ]  ##   Simulation at step 534
[ NORMAL  ]  ##   Simulation at step 535
[ NORMAL  ]  ##   Simulation at step 536
[ NORMAL  ]  ##   Simulation at step 537
[ NORMAL  ]  ##   Simulation at step 538
[ NORMAL  ]  ##   Simulation at step 539
[ NORMAL  ]  ##   Simulation at step 540
[ NORMAL  ]  ##   Simulation at step 541
[ NORMAL  ]  ##   New job: : 2x item7 reward(162) 542-619 storage2 loc(2.30345,48.86243) capacity(9401) Job
[ NORMAL  ]  ##   Simulation at step 542
[ NORMAL  ]  ##   Simulation at step 543
[ NORMAL  ]  ##   New job: : 1x item6, 1x item7, 1x item9, 1x item5, 2x item8, 1x item10 reward(338) 544-620 storage2 loc(2.30345,48.86243) capacity(9401) Job
[ NORMAL  ]  ##   Simulation at step 544
[ NORMAL  ]  ##   Simulation at step 545
[ NORMAL  ]  ##   Simulation at step 546
[ NORMAL  ]  ##   Simulation at step 547
[ NORMAL  ]  ##   Simulation at step 548
[ NORMAL  ]  ##   New job: : 3x item9, 1x item5, 3x item10 reward(468) 549-616 storage3 loc(2.40691,48.86627) capacity(9797) Job
[ NORMAL  ]  ##   Simulation at step 549
[ NORMAL  ]  ##   Simulation at step 550
[ NORMAL  ]  ##   Simulation at step 551
[ NORMAL  ]  ##   New job: : 1x item7, 1x item9, 2x item8, 3x item10 reward(418) 552-634 storage1 loc(2.3717,48.82745) capacity(11049) Job
[ NORMAL  ]  ##   Simulation at step 552
[ NORMAL  ]  ##   Simulation at step 553
[ NORMAL  ]  ##   Simulation at step 554
[ NORMAL  ]  ##   Simulation at step 555
[ NORMAL  ]  ##   New job: : 1x item9, 1x item10 reward(259) 556-609 storage2 loc(2.30345,48.86243) capacity(9401) AuctionJob
[ NORMAL  ]  ##   Simulation at step 556
[ NORMAL  ]  ##   Simulation at step 557
[ NORMAL  ]  ##   Simulation at step 558
[ NORMAL  ]  ##   Simulation at step 559
[ NORMAL  ]  ##   Simulation at step 560
[ NORMAL  ]  ##   Simulation at step 561
[ NORMAL  ]  ##   Simulation at step 562
[ NORMAL  ]  ##   Simulation at step 563
[ NORMAL  ]  ##   Simulation at step 564
[ NORMAL  ]  ##   New job: : 1x item7, 2x item9, 4x item5, 1x item8 reward(371) 565-634 storage3 loc(2.40691,48.86627) capacity(9797) Job
[ NORMAL  ]  ##   Simulation at step 565
[ NORMAL  ]  ##   New job: : 2x item6, 2x item7, 2x item9 reward(358) 566-635 storage2 loc(2.30345,48.86243) capacity(9401) Job
[ NORMAL  ]  ##   Simulation at step 566
[ NORMAL  ]  ##   Simulation at step 567
[ NORMAL  ]  ##   Simulation at step 568
[ NORMAL  ]  ##   Simulation at step 569
[ NORMAL  ]  ##   Simulation at step 570
[ NORMAL  ]  ##   Simulation at step 571
[ NORMAL  ]  ##   New job: : 2x item5 reward(191) 572-630 storage3 loc(2.40691,48.86627) capacity(9797) AuctionJob
[ NORMAL  ]  ##   Simulation at step 572
[ NORMAL  ]  ##   Simulation at step 573
[ NORMAL  ]  ##   Simulation at step 574
[ NORMAL  ]  ##   Simulation at step 575
[ NORMAL  ]  ##   New job: : 1x item7, 1x item9, 3x item5, 1x item10 reward(291) 576-665 storage1 loc(2.3717,48.82745) capacity(11049) AuctionJob
[ NORMAL  ]  ##   Simulation at step 576
[ NORMAL  ]  ##   New job: : 2x item7, 2x item9, 1x item5, 2x item8, 1x item10 reward(405) 577-628 storage0 loc(2.30026,48.8242) capacity(10271) Mission
[ NORMAL  ]  ##   New job: : 2x item7, 2x item9, 1x item5, 2x item8, 1x item10 reward(405) 577-628 storage0 loc(2.30026,48.8242) capacity(10271) Mission
[ NORMAL  ]  ##   Simulation at step 577
[ NORMAL  ]  ##   New job: : 2x item6, 1x item7, 3x item9, 1x item5, 2x item10 reward(462) 578-631 storage0 loc(2.30026,48.8242) capacity(10271) Job
[ NORMAL  ]  ##   Simulation at step 578
[ NORMAL  ]  ##   Simulation at step 579
[ NORMAL  ]  ##   Simulation at step 580
[ NORMAL  ]  ##   Simulation at step 581
[ NORMAL  ]  ##   Simulation at step 582
[ NORMAL  ]  ##   Simulation at step 583
[ NORMAL  ]  ##   New job: : 1x item6, 2x item7, 1x item9, 2x item5, 2x item8, 2x item10 reward(457) 584-676 storage3 loc(2.40691,48.86627) capacity(9797) Job
[ NORMAL  ]  ##   Simulation at step 584
[ NORMAL  ]  ##   Simulation at step 585
[ NORMAL  ]  ##   Simulation at step 586
[ NORMAL  ]  ##   New job: : 1x item7, 3x item9, 1x item5, 1x item10 reward(370) 587-641 storage1 loc(2.3717,48.82745) capacity(11049) AuctionJob
[ NORMAL  ]  ##   Simulation at step 587
[ NORMAL  ]  ##   Simulation at step 588
[ NORMAL  ]  ##   New job: : 1x item6, 2x item7, 1x item8, 2x item10 reward(334) 589-665 storage2 loc(2.30345,48.86243) capacity(9401) Job
[ NORMAL  ]  ##   Simulation at step 589
[ NORMAL  ]  ##   Simulation at step 590
[ NORMAL  ]  ##   New job: : 3x item6, 1x item7, 1x item5, 2x item8, 2x item10 reward(325) 591-675 storage1 loc(2.3717,48.82745) capacity(11049) AuctionJob
[ NORMAL  ]  ##   Simulation at step 591
[ NORMAL  ]  ##   New job: : 1x item7, 3x item9, 1x item5, 3x item8 reward(387) 592-661 storage1 loc(2.3717,48.82745) capacity(11049) AuctionJob
[ NORMAL  ]  ##   Simulation at step 592
[ NORMAL  ]  ##   Simulation at step 593
[ NORMAL  ]  ##   Simulation at step 594
[ NORMAL  ]  ##   Simulation at step 595
[ NORMAL  ]  ##   Simulation at step 596
[ NORMAL  ]  ##   New job: : 1x item6, 3x item7, 2x item9, 3x item8, 1x item10 reward(483) 597-659 storage0 loc(2.30026,48.8242) capacity(10271) Job
[ NORMAL  ]  ##   Simulation at step 597
[ NORMAL  ]  ##   Simulation at step 598
[ NORMAL  ]  ##   Simulation at step 599
[ NORMAL  ]  ##   New job: : 1x item6, 1x item7, 1x item8 reward(227) 600-669 storage3 loc(2.40691,48.86627) capacity(9797) AuctionJob
[ NORMAL  ]  ##   New job: : 1x item9, 1x item5 reward(227) 600-662 storage1 loc(2.3717,48.82745) capacity(11049) Job
[ NORMAL  ]  ##   Simulation at step 600
[ NORMAL  ]  ##   Simulation at step 601
[ NORMAL  ]  ##   Simulation at step 602
[ NORMAL  ]  ##   Simulation at step 603
[ NORMAL  ]  ##   Simulation at step 604
[ NORMAL  ]  ##   New job: : 2x item6, 4x item9, 1x item5, 3x item10 reward(547) 605-694 storage3 loc(2.40691,48.86627) capacity(9797) Mission
[ NORMAL  ]  ##   New job: : 2x item6, 4x item9, 1x item5, 3x item10 reward(547) 605-694 storage3 loc(2.40691,48.86627) capacity(9797) Mission
[ NORMAL  ]  ##   Simulation at step 605
[ NORMAL  ]  ##   New job: : 1x item5, 1x item8 reward(143) 606-659 storage2 loc(2.30345,48.86243) capacity(9401) AuctionJob
[ NORMAL  ]  ##   Simulation at step 606
[ NORMAL  ]  ##   Simulation at step 607
[ NORMAL  ]  ##   Simulation at step 608
[ NORMAL  ]  ##   Simulation at step 609
[ NORMAL  ]  ##   Simulation at step 610
[ NORMAL  ]  ##   Simulation at step 611
[ NORMAL  ]  ##   Simulation at step 612
[ NORMAL  ]  ##   Simulation at step 613
[ NORMAL  ]  ##   Simulation at step 614
[ NORMAL  ]  ##   Simulation at step 615
[ NORMAL  ]  ##   Simulation at step 616
[ NORMAL  ]  ##   New job: : 2x item6, 2x item7, 1x item9, 2x item5, 1x item8, 1x item10 reward(405) 617-672 storage3 loc(2.40691,48.86627) capacity(9797) Job
[ NORMAL  ]  ##   Simulation at step 617
[ NORMAL  ]  ##   New job: : 2x item6, 2x item7, 4x item9, 1x item10 reward(576) 618-688 storage1 loc(2.3717,48.82745) capacity(11049) AuctionJob
[ NORMAL  ]  ##   Simulation at step 618
[ NORMAL  ]  ##   New job: : 2x item6, 1x item7, 2x item9, 2x item8, 2x item10 reward(424) 619-678 storage3 loc(2.40691,48.86627) capacity(9797) Job
[ NORMAL  ]  ##   New job: : 1x item6, 1x item5, 1x item8, 1x item10 reward(220) 619-704 storage1 loc(2.3717,48.82745) capacity(11049) AuctionJob
[ NORMAL  ]  ##   Simulation at step 619
[ NORMAL  ]  ##   Simulation at step 620
[ NORMAL  ]  ##   Simulation at step 621
[ NORMAL  ]  ##   Simulation at step 622
[ NORMAL  ]  ##   Simulation at step 623
[ NORMAL  ]  ##   Simulation at step 624
[ NORMAL  ]  ##   New job: : 1x item6, 2x item7, 1x item9, 1x item8, 1x item10 reward(335) 625-690 storage1 loc(2.3717,48.82745) capacity(11049) Job
[ NORMAL  ]  ##   Simulation at step 625
[ NORMAL  ]  ##   Simulation at step 626
[ NORMAL  ]  ##   New job: : 1x item6, 3x item5, 1x item10 reward(280) 627-710 storage2 loc(2.30345,48.86243) capacity(9401) AuctionJob
[ NORMAL  ]  ##   Simulation at step 627
[ NORMAL  ]  ##   New job: : 1x item7, 2x item9, 2x item5, 3x item8 reward(358) 628-702 storage1 loc(2.3717,48.82745) capacity(11049) Job
[ NORMAL  ]  ##   Simulation at step 628
[ NORMAL  ]  ##   Simulation at step 629
[ NORMAL  ]  ##   New job: : 2x item7, 2x item9, 2x item5, 2x item8, 1x item10 reward(363) 630-706 storage3 loc(2.40691,48.86627) capacity(9797) Job
[ NORMAL  ]  ##   Simulation at step 630
[ NORMAL  ]  ##   New job: : 1x item6, 1x item7, 1x item8 reward(180) 631-720 storage1 loc(2.3717,48.82745) capacity(11049) Job
[ NORMAL  ]  ##   Simulation at step 631
[ NORMAL  ]  ##   Simulation at step 632
[ NORMAL  ]  ##   Simulation at step 633
[ NORMAL  ]  ##   Simulation at step 634
[ NORMAL  ]  ##   New job: : 4x item6, 2x item9, 1x item5, 1x item8, 1x item10 reward(447) 635-698 storage1 loc(2.3717,48.82745) capacity(11049) Job
[ NORMAL  ]  ##   Simulation at step 635
[ NORMAL  ]  ##   Simulation at step 636
[ NORMAL  ]  ##   Simulation at step 637
[ NORMAL  ]  ##   Simulation at step 638
[ NORMAL  ]  ##   New job: : 3x item6, 1x item8 reward(254) 639-718 storage2 loc(2.30345,48.86243) capacity(9401) Mission
[ NORMAL  ]  ##   New job: : 3x item6, 1x item8 reward(254) 639-718 storage2 loc(2.30345,48.86243) capacity(9401) Mission
[ NORMAL  ]  ##   New job: : 2x item7, 1x item9, 3x item8, 1x item10 reward(305) 639-702 storage2 loc(2.30345,48.86243) capacity(9401) Job
[ NORMAL  ]  ##   Simulation at step 639
[ NORMAL  ]  ##   Simulation at step 640
[ NORMAL  ]  ##   New job: : 1x item6, 2x item7, 1x item9, 2x item8, 1x item10 reward(349) 641-740 storage2 loc(2.30345,48.86243) capacity(9401) AuctionJob
[ NORMAL  ]  ##   Simulation at step 641
[ NORMAL  ]  ##   Simulation at step 642
[ NORMAL  ]  ##   Simulation at step 643
[ NORMAL  ]  ##   Simulation at step 644
[ NORMAL  ]  ##   New job: : 1x item6, 2x item5, 3x item8, 3x item10 reward(297) 645-735 storage3 loc(2.40691,48.86627) capacity(9797) Job
[ NORMAL  ]  ##   Simulation at step 645
[ NORMAL  ]  ##   Simulation at step 646
[ NORMAL  ]  ##   New job: : 2x item6, 1x item7, 1x item9, 2x item5, 2x item10 reward(435) 647-747 storage2 loc(2.30345,48.86243) capacity(9401) Job
[ NORMAL  ]  ##   Simulation at step 647
[ NORMAL  ]  ##   New job: : 3x item7, 1x item9, 1x item10 reward(367) 648-712 storage1 loc(2.3717,48.82745) capacity(11049) AuctionJob
[ NORMAL  ]  ##   Simulation at step 648
[ NORMAL  ]  ##   New job: : 2x item6, 1x item9, 1x item8, 1x item10 reward(270) 649-724 storage0 loc(2.30026,48.8242) capacity(10271) AuctionJob
[ NORMAL  ]  ##   Simulation at step 649
[ NORMAL  ]  ##   Simulation at step 650
[ NORMAL  ]  ##   Simulation at step 651
[ NORMAL  ]  ##   Simulation at step 652
[ NORMAL  ]  ##   Simulation at step 653
[ NORMAL  ]  ##   New job: : 2x item6, 1x item7, 1x item9, 2x item5, 1x item8, 3x item10 reward(470) 654-745 storage2 loc(2.30345,48.86243) capacity(9401) AuctionJob
[ NORMAL  ]  ##   Simulation at step 654
[ NORMAL  ]  ##   New job: : 1x item6, 1x item7, 1x item9, 1x item5, 3x item8 reward(281) 655-715 storage2 loc(2.30345,48.86243) capacity(9401) Mission
[ NORMAL  ]  ##   New job: : 1x item6, 1x item7, 1x item9, 1x item5, 3x item8 reward(281) 655-715 storage2 loc(2.30345,48.86243) capacity(9401) Mission
[ NORMAL  ]  ##   New job: : 1x item7, 2x item9, 1x item8 reward(349) 655-717 storage1 loc(2.3717,48.82745) capacity(11049) Job
[ NORMAL  ]  ##   Simulation at step 655
[ NORMAL  ]  ##   Simulation at step 656
[ NORMAL  ]  ##   Simulation at step 657
[ NORMAL  ]  ##   Simulation at step 658
[ NORMAL  ]  ##   Simulation at step 659
[ NORMAL  ]  ##   Simulation at step 660
[ NORMAL  ]  ##   Simulation at step 661
[ NORMAL  ]  ##   New job: : 2x item6, 1x item7, 2x item9, 3x item5, 1x item10 reward(463) 662-761 storage0 loc(2.30026,48.8242) capacity(10271) AuctionJob
[ NORMAL  ]  ##   Simulation at step 662
[ NORMAL  ]  ##   Simulation at step 663
[ NORMAL  ]  ##   Simulation at step 664
[ NORMAL  ]  ##   Simulation at step 665
[ NORMAL  ]  ##   New job: : 1x item7, 1x item9, 1x item8 reward(270) 666-761 storage2 loc(2.30345,48.86243) capacity(9401) Job
[ NORMAL  ]  ##   Simulation at step 666
[ NORMAL  ]  ##   Simulation at step 667
[ NORMAL  ]  ##   Simulation at step 668
[ NORMAL  ]  ##   Simulation at step 669
[ NORMAL  ]  ##   Simulation at step 670
[ NORMAL  ]  ##   New job: : 1x item6, 1x item7, 3x item8, 2x item10 reward(293) 671-765 storage2 loc(2.30345,48.86243) capacity(9401) Job
[ NORMAL  ]  ##   Simulation at step 671
[ NORMAL  ]  ##   New job: : 1x item6, 1x item7, 1x item8 reward(197) 672-740 storage0 loc(2.30026,48.8242) capacity(10271) Job
[ NORMAL  ]  ##   Simulation at step 672
[ NORMAL  ]  ##   Simulation at step 673
[ NORMAL  ]  ##   Simulation at step 674
[ NORMAL  ]  ##   Simulation at step 675
