[JaCaMoLauncher] Workspace envb created.
[JaCaMoLauncher] artifact artb14: EISAccess("conf/remoto/eisb13.json") at envb created.
[JaCaMoLauncher] artifact artb15: EISAccess("conf/remoto/eisb14.json") at envb created.
[JaCaMoLauncher] artifact artb12: EISAccess("conf/remoto/eisb11.json") at envb created.
[JaCaMoLauncher] artifact artb34: EISAccess("conf/remoto/eisb33.json") at envb created.
[JaCaMoLauncher] artifact artb13: EISAccess("conf/remoto/eisb12.json") at envb created.
[JaCaMoLauncher] artifact artb18: EISAccess("conf/remoto/eisb17.json") at envb created.
[JaCaMoLauncher] artifact artb19: EISAccess("conf/remoto/eisb18.json") at envb created.
[JaCaMoLauncher] artifact artb16: EISAccess("conf/remoto/eisb15.json") at envb created.
[JaCaMoLauncher] artifact artb17: EISAccess("conf/remoto/eisb16.json") at envb created.
[JaCaMoLauncher] artifact artb21: EISAccess("conf/remoto/eisb20.json") at envb created.
[JaCaMoLauncher] artifact artb22: EISAccess("conf/remoto/eisb21.json") at envb created.
[JaCaMoLauncher] artifact artb20: EISAccess("conf/remoto/eisb19.json") at envb created.
[JaCaMoLauncher] artifact artb25: EISAccess("conf/remoto/eisb24.json") at envb created.
[JaCaMoLauncher] artifact artb26: EISAccess("conf/remoto/eisb25.json") at envb created.
[JaCaMoLauncher] artifact artb23: EISAccess("conf/remoto/eisb22.json") at envb created.
[JaCaMoLauncher] artifact artb24: EISAccess("conf/remoto/eisb23.json") at envb created.
[JaCaMoLauncher] artifact artb29: EISAccess("conf/remoto/eisb28.json") at envb created.
[JaCaMoLauncher] artifact artb27: EISAccess("conf/remoto/eisb26.json") at envb created.
[JaCaMoLauncher] artifact artb28: EISAccess("conf/remoto/eisb27.json") at envb created.
[JaCaMoLauncher] artifact artb7: EISAccess("conf/remoto/eisb6.json") at envb created.
[JaCaMoLauncher] artifact artb8: EISAccess("conf/remoto/eisb7.json") at envb created.
[JaCaMoLauncher] artifact artb9: EISAccess("conf/remoto/eisb8.json") at envb created.
[JaCaMoLauncher] artifact artb3: EISAccess("conf/remoto/eisb2.json") at envb created.
[JaCaMoLauncher] artifact artb4: EISAccess("conf/remoto/eisb3.json") at envb created.
[JaCaMoLauncher] artifact artb5: EISAccess("conf/remoto/eisb4.json") at envb created.
[JaCaMoLauncher] artifact artb6: EISAccess("conf/remoto/eisb5.json") at envb created.
[JaCaMoLauncher] artifact artb10: EISAccess("conf/remoto/eisb9.json") at envb created.
[JaCaMoLauncher] artifact artb32: EISAccess("conf/remoto/eisb31.json") at envb created.
[JaCaMoLauncher] artifact artb11: EISAccess("conf/remoto/eisb10.json") at envb created.
[JaCaMoLauncher] artifact artb33: EISAccess("conf/remoto/eisb32.json") at envb created.
[JaCaMoLauncher] artifact artb1: EISAccess("conf/remoto/eisb0.json") at envb created.
[JaCaMoLauncher] artifact artb30: EISAccess("conf/remoto/eisb29.json") at envb created.
[JaCaMoLauncher] artifact artb2: EISAccess("conf/remoto/eisb1.json") at envb created.
[JaCaMoLauncher] artifact artb31: EISAccess("conf/remoto/eisb30.json") at envb created.
[JaCaMoLauncher] Workspace env created.
[JaCaMoLauncher] artifact arta15: EISAccess("conf/remoto/eisa14.json") at env created.
[JaCaMoLauncher] artifact arta16: EISAccess("conf/remoto/eisa15.json") at env created.
[JaCaMoLauncher] artifact arta13: EISAccess("conf/remoto/eisa12.json") at env created.
[JaCaMoLauncher] artifact arta14: EISAccess("conf/remoto/eisa13.json") at env created.
[JaCaMoLauncher] artifact coogather: CoordinationArtifact() at env created.
[JaCaMoLauncher] artifact arta19: EISAccess("conf/remoto/eisa18.json") at env created.
[JaCaMoLauncher] artifact arta17: EISAccess("conf/remoto/eisa16.json") at env created.
[JaCaMoLauncher] artifact arta18: EISAccess("conf/remoto/eisa17.json") at env created.
[JaCaMoLauncher] artifact arta6: EISAccess("conf/remoto/eisa5.json") at env created.
[JaCaMoLauncher] artifact artpolygon: calculos.ARTGreyZone() at env created.
[JaCaMoLauncher] artifact arta7: EISAccess("conf/remoto/eisa6.json") at env created.
[JaCaMoLauncher] artifact arta8: EISAccess("conf/remoto/eisa7.json") at env created.
[JaCaMoLauncher] artifact arta9: EISAccess("conf/remoto/eisa8.json") at env created.
[JaCaMoLauncher] artifact arta2: EISAccess("conf/remoto/eisa1.json") at env created.
[JaCaMoLauncher] artifact arta3: EISAccess("conf/remoto/eisa2.json") at env created.
[JaCaMoLauncher] artifact arta4: EISAccess("conf/remoto/eisa3.json") at env created.
[JaCaMoLauncher] artifact arta5: EISAccess("conf/remoto/eisa4.json") at env created.
[JaCaMoLauncher] artifact arta22: EISAccess("conf/remoto/eisa21.json") at env created.
[JaCaMoLauncher] artifact arta23: EISAccess("conf/remoto/eisa22.json") at env created.
[JaCaMoLauncher] artifact arta20: EISAccess("conf/remoto/eisa19.json") at env created.
[JaCaMoLauncher] artifact arta1: EISAccess("conf/remoto/eisa0.json") at env created.
[JaCaMoLauncher] artifact arta21: EISAccess("conf/remoto/eisa20.json") at env created.
[JaCaMoLauncher] artifact arta26: EISAccess("conf/remoto/eisa25.json") at env created.
[JaCaMoLauncher] artifact arta27: EISAccess("conf/remoto/eisa26.json") at env created.
[JaCaMoLauncher] artifact arta24: EISAccess("conf/remoto/eisa23.json") at env created.
[JaCaMoLauncher] artifact arta25: EISAccess("conf/remoto/eisa24.json") at env created.
[JaCaMoLauncher] artifact arta28: EISAccess("conf/remoto/eisa27.json") at env created.
[JaCaMoLauncher] artifact arta29: EISAccess("conf/remoto/eisa28.json") at env created.
[JaCaMoLauncher] artifact arta30: EISAccess("conf/remoto/eisa29.json") at env created.
[JaCaMoLauncher] artifact arta11: EISAccess("conf/remoto/eisa10.json") at env created.
[JaCaMoLauncher] artifact arta33: EISAccess("conf/remoto/eisa32.json") at env created.
[JaCaMoLauncher] artifact arta12: EISAccess("conf/remoto/eisa11.json") at env created.
[JaCaMoLauncher] artifact arta34: EISAccess("conf/remoto/eisa33.json") at env created.
[JaCaMoLauncher] artifact arta31: EISAccess("conf/remoto/eisa30.json") at env created.
[JaCaMoLauncher] artifact arta10: EISAccess("conf/remoto/eisa9.json") at env created.
[JaCaMoLauncher] artifact arta32: EISAccess("conf/remoto/eisa31.json") at env created.
